#
# There is insufficient memory for the Java Runtime Environment to continue.
# Native memory allocation (mmap) failed to map 335544320 bytes for G1 virtual space
# Possible reasons:
#   The system is out of physical RAM or swap space
#   The process is running with CompressedOops enabled, and the Java Heap may be blocking the growth of the native heap
# Possible solutions:
#   Reduce memory load on the system
#   Increase physical memory or swap space
#   Check if swap backing store is full
#   Decrease Java heap size (-Xmx/-Xms)
#   Decrease number of Java threads
#   Decrease Java thread stack sizes (-Xss)
#   Set larger code cache with -XX:ReservedCodeCacheSize=
#   JVM is running with Zero Based Compressed Oops mode in which the Java heap is
#     placed in the first 32GB address space. The Java Heap base address is the
#     maximum limit for the native heap growth. Please use -XX:HeapBaseMinAddress
#     to set the Java Heap base and to place the Java Heap above 32GB virtual address.
# This output file may be truncated or incomplete.
#
#  Out of Memory Error (os_windows.cpp:3535), pid=22532, tid=4092
#
# JRE version: OpenJDK Runtime Environment Temurin-17.0.3+7 (17.0.3+7) (build 17.0.3+7)
# Java VM: OpenJDK 64-Bit Server VM Temurin-17.0.3+7 (17.0.3+7, mixed mode, emulated-client, tiered, compressed oops, compressed class ptrs, g1 gc, windows-amd64)
# No core dump will be written. Minidumps are not enabled by default on client versions of Windows
#

---------------  S U M M A R Y ------------

Command Line: -Dsts.lsp.client=vscode -Dsts.log.file=/dev/null -XX:TieredStopAtLevel=1 -Dspring.config.location=file:c:\Users\pc\.vscode\extensions\pivotal.vscode-spring-boot-1.38.0\language-server\BOOT-INF\classes\application.properties org.springframework.ide.vscode.boot.app.BootLanguageServerBootApp

Host: Intel(R) Core(TM) i5-8250U CPU @ 1.60GHz, 8 cores, 11G,  Windows 10 , 64 bit Build 19041 (10.0.19041.1889)
Time: Thu Sep  1 15:29:15 2022 Hora est. Pacífico, Sudamérica elapsed time: 3.957694 seconds (0d 0h 0m 3s)

---------------  T H R E A D  ---------------

Current thread (0x0000016024f23c50):  VMThread "VM Thread" [stack: 0x0000000982000000,0x0000000982100000] [id=4092]

Stack: [0x0000000982000000,0x0000000982100000]
Native frames: (J=compiled Java code, j=interpreted, Vv=VM code, C=native code)
V  [jvm.dll+0x675efa]
V  [jvm.dll+0x830a24]
V  [jvm.dll+0x8321ce]
V  [jvm.dll+0x832833]
V  [jvm.dll+0x2454b5]
V  [jvm.dll+0x672de9]
V  [jvm.dll+0x667732]
V  [jvm.dll+0x3043ab]
V  [jvm.dll+0x30b8f6]
V  [jvm.dll+0x35b62e]
V  [jvm.dll+0x35b85f]
V  [jvm.dll+0x2db248]
V  [jvm.dll+0x2d94fc]
V  [jvm.dll+0x2d8acc]
V  [jvm.dll+0x31ca2b]
V  [jvm.dll+0x836cdb]
V  [jvm.dll+0x837a14]
V  [jvm.dll+0x837f2c]
V  [jvm.dll+0x838304]
V  [jvm.dll+0x8383d0]
V  [jvm.dll+0x7e0cfa]
V  [jvm.dll+0x674d85]
C  [ucrtbase.dll+0x21bb2]
C  [KERNEL32.DLL+0x17034]
C  [ntdll.dll+0x52651]

VM_Operation (0x00000009842fe080): G1CollectForAllocation, mode: safepoint, requested by thread 0x00000160278b08a0


---------------  P R O C E S S  ---------------

Threads class SMR info:
_java_thread_list=0x00000160295fe430, length=42, elements={
0x0000016025813260, 0x0000016024f65ec0, 0x0000016024f8da20, 0x0000016024f8e5d0,
0x0000016025818fa0, 0x0000016025819950, 0x000001602581a3b0, 0x000001602581ada0,
0x00000160258b4950, 0x0000016025a39e10, 0x0000016025a465c0, 0x000001602626f510,
0x000001602641dff0, 0x0000016027824900, 0x00000160279054a0, 0x0000016027961520,
0x0000016015657b10, 0x0000016027901d00, 0x000001602798ce30, 0x00000160279bacc0,
0x00000160279beda0, 0x00000160279bf270, 0x00000160278b03d0, 0x00000160278afa30,
0x00000160278aff00, 0x00000160278b08a0, 0x00000160278af090, 0x00000160278af560,
0x00000160279dd4a0, 0x00000160279d8c70, 0x00000160279db7c0, 0x00000160279d6120,
0x00000160279d82d0, 0x00000160279d9610, 0x00000160279dcfd0, 0x00000160279d7e00,
0x00000160279d87a0, 0x00000160279da480, 0x00000160279dd970, 0x00000160279d7930,
0x00000160279dae20, 0x00000160279d9140
}

Java Threads: ( => current thread )
  0x0000016025813260 JavaThread "Reference Handler" daemon [_thread_blocked, id=20960, stack(0x0000000982100000,0x0000000982200000)]
  0x0000016024f65ec0 JavaThread "Finalizer" daemon [_thread_blocked, id=23772, stack(0x0000000982200000,0x0000000982300000)]
  0x0000016024f8da20 JavaThread "Signal Dispatcher" daemon [_thread_blocked, id=13616, stack(0x0000000982300000,0x0000000982400000)]
  0x0000016024f8e5d0 JavaThread "Attach Listener" daemon [_thread_blocked, id=15420, stack(0x0000000982400000,0x0000000982500000)]
  0x0000016025818fa0 JavaThread "Service Thread" daemon [_thread_blocked, id=31384, stack(0x0000000982500000,0x0000000982600000)]
  0x0000016025819950 JavaThread "Monitor Deflation Thread" daemon [_thread_blocked, id=30596, stack(0x0000000982600000,0x0000000982700000)]
  0x000001602581a3b0 JavaThread "C1 CompilerThread0" daemon [_thread_blocked, id=26988, stack(0x0000000982700000,0x0000000982800000)]
  0x000001602581ada0 JavaThread "Sweeper thread" daemon [_thread_blocked, id=24412, stack(0x0000000982800000,0x0000000982900000)]
  0x00000160258b4950 JavaThread "C1 CompilerThread1" daemon [_thread_blocked, id=5684, stack(0x0000000982900000,0x0000000982a00000)]
  0x0000016025a39e10 JavaThread "Notification Thread" daemon [_thread_blocked, id=28372, stack(0x0000000982a00000,0x0000000982b00000)]
  0x0000016025a465c0 JavaThread "Common-Cleaner" daemon [_thread_blocked, id=1632, stack(0x0000000982c00000,0x0000000982d00000)]
  0x000001602626f510 JavaThread "C1 CompilerThread2" daemon [_thread_blocked, id=19144, stack(0x0000000982d00000,0x0000000982e00000)]
  0x000001602641dff0 JavaThread "C1 CompilerThread3" daemon [_thread_blocked, id=22164, stack(0x0000000982e00000,0x0000000982f00000)]
  0x0000016027824900 JavaThread "ForkJoinPool.commonPool-worker-1" daemon [_thread_blocked, id=20720, stack(0x0000000983400000,0x0000000983500000)]
  0x00000160279054a0 JavaThread "pool-7-thread-1" [_thread_blocked, id=27228, stack(0x0000000983800000,0x0000000983900000)]
  0x0000016027961520 JavaThread "LanguageServerApp-lifecycle" [_thread_blocked, id=29976, stack(0x0000000983900000,0x0000000983a00000)]
  0x0000016015657b10 JavaThread "DestroyJavaVM" [_thread_blocked, id=19372, stack(0x0000000981a00000,0x0000000981b00000)]
  0x0000016027901d00 JavaThread "ClassGraph-worker-0" daemon [_thread_blocked, id=10808, stack(0x0000000983a00000,0x0000000983b00000)]
  0x000001602798ce30 JavaThread "ClassGraph-worker-1" daemon [_thread_blocked, id=20168, stack(0x0000000983b00000,0x0000000983c00000)]
  0x00000160279bacc0 JavaThread "ClassGraph-worker-2" daemon [_thread_blocked, id=9668, stack(0x0000000983c00000,0x0000000983d00000)]
  0x00000160279beda0 JavaThread "ClassGraph-worker-3" daemon [_thread_blocked, id=12948, stack(0x0000000983d00000,0x0000000983e00000)]
  0x00000160279bf270 JavaThread "ClassGraph-worker-4" daemon [_thread_blocked, id=7000, stack(0x0000000983e00000,0x0000000983f00000)]
  0x00000160278b03d0 JavaThread "ClassGraph-worker-5" daemon [_thread_blocked, id=24472, stack(0x0000000983f00000,0x0000000984000000)]
  0x00000160278afa30 JavaThread "ClassGraph-worker-6" daemon [_thread_blocked, id=23796, stack(0x0000000984000000,0x0000000984100000)]
  0x00000160278aff00 JavaThread "ClassGraph-worker-7" daemon [_thread_blocked, id=12600, stack(0x0000000984100000,0x0000000984200000)]
  0x00000160278b08a0 JavaThread "ClassGraph-worker-8" daemon [_thread_blocked, id=424, stack(0x0000000984200000,0x0000000984300000)]
  0x00000160278af090 JavaThread "ClassGraph-worker-9" daemon [_thread_blocked, id=17996, stack(0x0000000984300000,0x0000000984400000)]
  0x00000160278af560 JavaThread "ClassGraph-worker-10" daemon [_thread_blocked, id=23548, stack(0x0000000984400000,0x0000000984500000)]
  0x00000160279dd4a0 JavaThread "ClassGraph-worker-11" daemon [_thread_blocked, id=25072, stack(0x0000000984500000,0x0000000984600000)]
  0x00000160279d8c70 JavaThread "ClassGraph-worker-12" daemon [_thread_blocked, id=24252, stack(0x0000000984600000,0x0000000984700000)]
  0x00000160279db7c0 JavaThread "ClassGraph-worker-13" daemon [_thread_blocked, id=30776, stack(0x0000000984700000,0x0000000984800000)]
  0x00000160279d6120 JavaThread "pool-8-thread-1" [_thread_in_native, id=31872, stack(0x0000000984800000,0x0000000984900000)]
  0x00000160279d82d0 JavaThread "Simple-Language-Server main thread" daemon [_thread_blocked, id=16688, stack(0x0000000984a00000,0x0000000984b00000)]
  0x00000160279d9610 JavaThread "pool-5-thread-1" [_thread_blocked, id=27288, stack(0x0000000984b00000,0x0000000984c00000)]
  0x00000160279dcfd0 JavaThread "parallel-1" daemon [_thread_blocked, id=13368, stack(0x0000000984c00000,0x0000000984d00000)]
  0x00000160279d7e00 JavaThread "parallel-2" daemon [_thread_blocked, id=12200, stack(0x0000000984d00000,0x0000000984e00000)]
  0x00000160279d87a0 JavaThread "parallel-3" daemon [_thread_blocked, id=26476, stack(0x0000000984e00000,0x0000000984f00000)]
  0x00000160279da480 JavaThread "parallel-4" daemon [_thread_blocked, id=16096, stack(0x0000000984f00000,0x0000000985000000)]
  0x00000160279dd970 JavaThread "parallel-5" daemon [_thread_blocked, id=15668, stack(0x0000000985000000,0x0000000985100000)]
  0x00000160279d7930 JavaThread "parallel-6" daemon [_thread_blocked, id=6732, stack(0x0000000985100000,0x0000000985200000)]
  0x00000160279dae20 JavaThread "parallel-7" daemon [_thread_blocked, id=18760, stack(0x0000000985200000,0x0000000985300000)]
  0x00000160279d9140 JavaThread "Reconciler-1" daemon [_thread_blocked, id=33660, stack(0x0000000985300000,0x0000000985400000)]

Other Threads:
=>0x0000016024f23c50 VMThread "VM Thread" [stack: 0x0000000982000000,0x0000000982100000] [id=4092]
  0x0000016025a3c2f0 WatcherThread [stack: 0x0000000982b00000,0x0000000982c00000] [id=11228]
  0x00000160156af2c0 GCTaskThread "GC Thread#0" [stack: 0x0000000981b00000,0x0000000981c00000] [id=10552]
  0x000001602648a610 GCTaskThread "GC Thread#1" [stack: 0x0000000982f00000,0x0000000983000000] [id=9532]
  0x000001602648a8c0 GCTaskThread "GC Thread#2" [stack: 0x0000000983000000,0x0000000983100000] [id=32092]
  0x000001602648ab70 GCTaskThread "GC Thread#3" [stack: 0x0000000983100000,0x0000000983200000] [id=20132]
  0x00000160264d9690 GCTaskThread "GC Thread#4" [stack: 0x0000000983200000,0x0000000983300000] [id=25500]
  0x00000160264da370 GCTaskThread "GC Thread#5" [stack: 0x0000000983300000,0x0000000983400000] [id=25232]
  0x00000160271dba00 GCTaskThread "GC Thread#6" [stack: 0x0000000983500000,0x0000000983600000] [id=8452]
  0x00000160271dbcb0 GCTaskThread "GC Thread#7" [stack: 0x0000000983600000,0x0000000983700000] [id=29236]
  0x00000160156bd050 ConcurrentGCThread "G1 Main Marker" [stack: 0x0000000981c00000,0x0000000981d00000] [id=20368]
  0x00000160156bda60 ConcurrentGCThread "G1 Conc#0" [stack: 0x0000000981d00000,0x0000000981e00000] [id=3328]
  0x000001602729c580 ConcurrentGCThread "G1 Conc#1" [stack: 0x0000000983700000,0x0000000983800000] [id=9160]
  0x0000016024dd20b0 ConcurrentGCThread "G1 Refine#0" [stack: 0x0000000981e00000,0x0000000981f00000] [id=3764]
  0x0000016027c403b0 ConcurrentGCThread "G1 Refine#1" [stack: 0x0000000984900000,0x0000000984a00000] [id=18724]
  0x0000016024dd2ad0 ConcurrentGCThread "G1 Service" [stack: 0x0000000981f00000,0x0000000982000000] [id=9720]

Threads with active compile tasks:

VM state: at safepoint (normal execution)

VM Mutex/Monitor currently owned by a thread:  ([mutex/lock_event])
[0x00000160134bafd0] Threads_lock - owner thread: 0x0000016024f23c50
[0x00000160156549f0] Heap_lock - owner thread: 0x00000160278b08a0

Heap address: 0x0000000741c00000, size: 3044 MB, Compressed Oops mode: Zero based, Oop shift amount: 3

CDS archive(s) not mapped
Compressed class space mapped at: 0x0000000800000000-0x0000000840000000, reserved size: 1073741824
Narrow klass base: 0x0000000800000000, Narrow klass shift: 0, Narrow klass range: 0x40000000

GC Precious Log:
 CPUs: 8 total, 8 available
 Memory: 12174M
 Large Page Support: Disabled
 NUMA Support: Disabled
 Compressed Oops: Enabled (Zero based)
 Heap Region Size: 2M
 Heap Min Capacity: 8M
 Heap Initial Capacity: 192M
 Heap Max Capacity: 3044M
 Pre-touch: Disabled
 Parallel Workers: 8
 Concurrent Workers: 2
 Concurrent Refinement Workers: 8
 Periodic GC: Disabled

Heap:
 garbage-first heap   total 196608K, used 70351K [0x0000000741c00000, 0x0000000800000000)
  region size 2048K, 4 young (8192K), 4 survivors (8192K)
 Metaspace       used 35069K, committed 35392K, reserved 1081344K
  class space    used 4557K, committed 4736K, reserved 1048576K

Heap Regions: E=young(eden), S=young(survivor), O=old, HS=humongous(starts), HC=humongous(continues), CS=collection set, F=free, OA=open archive, CA=closed archive, TAMS=top-at-mark-start (previous, next)
|   0|0x0000000741c00000, 0x0000000741e00000, 0x0000000741e00000|100%| O|  |TAMS 0x0000000741e00000, 0x0000000741c00000| Untracked 
|   1|0x0000000741e00000, 0x0000000742000000, 0x0000000742000000|100%| O|  |TAMS 0x0000000742000000, 0x0000000741e00000| Untracked 
|   2|0x0000000742000000, 0x0000000742200000, 0x0000000742200000|100%| O|  |TAMS 0x0000000742200000, 0x0000000742000000| Untracked 
|   3|0x0000000742200000, 0x0000000742400000, 0x0000000742400000|100%| O|  |TAMS 0x0000000742400000, 0x0000000742200000| Untracked 
|   4|0x0000000742400000, 0x0000000742600000, 0x0000000742600000|100%| O|  |TAMS 0x0000000742600000, 0x0000000742400000| Untracked 
|   5|0x0000000742600000, 0x0000000742800000, 0x0000000742800000|100%| O|  |TAMS 0x0000000742800000, 0x0000000742600000| Untracked 
|   6|0x0000000742800000, 0x0000000742a00000, 0x0000000742a00000|100%| O|  |TAMS 0x0000000742a00000, 0x0000000742800000| Untracked 
|   7|0x0000000742a00000, 0x0000000742c00000, 0x0000000742c00000|100%| O|  |TAMS 0x0000000742c00000, 0x0000000742a00000| Untracked 
|   8|0x0000000742c00000, 0x0000000742e00000, 0x0000000742e00000|100%| O|  |TAMS 0x0000000742e00000, 0x0000000742c00000| Untracked 
|   9|0x0000000742e00000, 0x0000000743000000, 0x0000000743000000|100%| O|  |TAMS 0x0000000743000000, 0x0000000742e00000| Untracked 
|  10|0x0000000743000000, 0x0000000743200000, 0x0000000743200000|100%| O|  |TAMS 0x0000000743200000, 0x0000000743000000| Untracked 
|  11|0x0000000743200000, 0x0000000743400000, 0x0000000743400000|100%| O|  |TAMS 0x0000000743400000, 0x0000000743200000| Untracked 
|  12|0x0000000743400000, 0x0000000743600000, 0x0000000743600000|100%| O|  |TAMS 0x0000000743600000, 0x0000000743400000| Untracked 
|  13|0x0000000743600000, 0x0000000743800000, 0x0000000743800000|100%| O|  |TAMS 0x0000000743800000, 0x0000000743600000| Untracked 
|  14|0x0000000743800000, 0x0000000743a00000, 0x0000000743a00000|100%| O|  |TAMS 0x0000000743a00000, 0x0000000743800000| Untracked 
|  15|0x0000000743a00000, 0x0000000743c00000, 0x0000000743c00000|100%| O|  |TAMS 0x0000000743c00000, 0x0000000743a00000| Untracked 
|  16|0x0000000743c00000, 0x0000000743e00000, 0x0000000743e00000|100%| O|  |TAMS 0x0000000743e00000, 0x0000000743c00000| Untracked 
|  17|0x0000000743e00000, 0x0000000744000000, 0x0000000744000000|100%| O|  |TAMS 0x0000000744000000, 0x0000000743e00000| Untracked 
|  18|0x0000000744000000, 0x0000000744200000, 0x0000000744200000|100%| O|  |TAMS 0x0000000744200000, 0x0000000744000000| Untracked 
|  19|0x0000000744200000, 0x0000000744400000, 0x0000000744400000|100%| O|  |TAMS 0x0000000744400000, 0x0000000744200000| Untracked 
|  20|0x0000000744400000, 0x0000000744600000, 0x0000000744600000|100%| O|  |TAMS 0x0000000744600000, 0x0000000744400000| Untracked 
|  21|0x0000000744600000, 0x0000000744800000, 0x0000000744800000|100%| O|  |TAMS 0x0000000744800000, 0x0000000744600000| Untracked 
|  22|0x0000000744800000, 0x0000000744a00000, 0x0000000744a00000|100%| O|  |TAMS 0x0000000744a00000, 0x0000000744800000| Untracked 
|  23|0x0000000744a00000, 0x0000000744c00000, 0x0000000744c00000|100%| O|  |TAMS 0x0000000744c00000, 0x0000000744a00000| Untracked 
|  24|0x0000000744c00000, 0x0000000744e00000, 0x0000000744e00000|100%| O|  |TAMS 0x0000000744c63600, 0x0000000744c00000| Untracked 
|  25|0x0000000744e00000, 0x0000000745000000, 0x0000000745000000|100%| O|  |TAMS 0x0000000744e00000, 0x0000000744e00000| Untracked 
|  26|0x0000000745000000, 0x0000000745200000, 0x0000000745200000|100%| O|  |TAMS 0x0000000745000000, 0x0000000745000000| Untracked 
|  27|0x0000000745200000, 0x0000000745400000, 0x0000000745400000|100%| O|  |TAMS 0x0000000745200000, 0x0000000745200000| Untracked 
|  28|0x0000000745400000, 0x0000000745600000, 0x0000000745600000|100%| O|  |TAMS 0x0000000745400000, 0x0000000745400000| Untracked 
|  29|0x0000000745600000, 0x0000000745800000, 0x0000000745800000|100%| O|  |TAMS 0x0000000745600000, 0x0000000745600000| Untracked 
|  30|0x0000000745800000, 0x0000000745a00000, 0x0000000745a00000|100%| O|  |TAMS 0x0000000745800000, 0x0000000745800000| Untracked 
|  31|0x0000000745a00000, 0x0000000745a35800, 0x0000000745c00000| 10%| O|  |TAMS 0x0000000745a00000, 0x0000000745a00000| Untracked 
|  32|0x0000000745c00000, 0x0000000745c00000, 0x0000000745e00000|  0%| F|  |TAMS 0x0000000745c00000, 0x0000000745c00000| Untracked 
|  33|0x0000000745e00000, 0x0000000745e00000, 0x0000000746000000|  0%| F|  |TAMS 0x0000000745e00000, 0x0000000745e00000| Untracked 
|  34|0x0000000746000000, 0x0000000746000000, 0x0000000746200000|  0%| F|  |TAMS 0x0000000746000000, 0x0000000746000000| Untracked 
|  35|0x0000000746200000, 0x0000000746200000, 0x0000000746400000|  0%| F|  |TAMS 0x0000000746200000, 0x0000000746200000| Untracked 
|  36|0x0000000746400000, 0x0000000746400000, 0x0000000746600000|  0%| F|  |TAMS 0x0000000746400000, 0x0000000746400000| Untracked 
|  37|0x0000000746600000, 0x0000000746600000, 0x0000000746800000|  0%| F|  |TAMS 0x0000000746600000, 0x0000000746600000| Untracked 
|  38|0x0000000746800000, 0x0000000746800000, 0x0000000746a00000|  0%| F|  |TAMS 0x0000000746800000, 0x0000000746800000| Untracked 
|  39|0x0000000746a00000, 0x0000000746a00000, 0x0000000746c00000|  0%| F|  |TAMS 0x0000000746a00000, 0x0000000746a00000| Untracked 
|  40|0x0000000746c00000, 0x0000000746c00000, 0x0000000746e00000|  0%| F|  |TAMS 0x0000000746c00000, 0x0000000746c00000| Untracked 
|  41|0x0000000746e00000, 0x0000000746e00000, 0x0000000747000000|  0%| F|  |TAMS 0x0000000746e00000, 0x0000000746e00000| Untracked 
|  42|0x0000000747000000, 0x0000000747000000, 0x0000000747200000|  0%| F|  |TAMS 0x0000000747000000, 0x0000000747000000| Untracked 
|  43|0x0000000747200000, 0x0000000747200000, 0x0000000747400000|  0%| F|  |TAMS 0x0000000747200000, 0x0000000747200000| Untracked 
|  44|0x0000000747400000, 0x0000000747400000, 0x0000000747600000|  0%| F|  |TAMS 0x0000000747400000, 0x0000000747400000| Untracked 
|  45|0x0000000747600000, 0x0000000747600000, 0x0000000747800000|  0%| F|  |TAMS 0x0000000747600000, 0x0000000747600000| Untracked 
|  46|0x0000000747800000, 0x0000000747800000, 0x0000000747a00000|  0%| F|  |TAMS 0x0000000747800000, 0x0000000747800000| Untracked 
|  47|0x0000000747a00000, 0x0000000747a00000, 0x0000000747c00000|  0%| F|  |TAMS 0x0000000747a00000, 0x0000000747a00000| Untracked 
|  48|0x0000000747c00000, 0x0000000747c00000, 0x0000000747e00000|  0%| F|  |TAMS 0x0000000747c00000, 0x0000000747c00000| Untracked 
|  49|0x0000000747e00000, 0x0000000747e7e660, 0x0000000748000000| 24%| S|CS|TAMS 0x0000000747e00000, 0x0000000747e00000| Complete 
|  50|0x0000000748000000, 0x0000000748200000, 0x0000000748200000|100%| S|CS|TAMS 0x0000000748000000, 0x0000000748000000| Complete 
|  51|0x0000000748200000, 0x0000000748400000, 0x0000000748400000|100%| S|CS|TAMS 0x0000000748200000, 0x0000000748200000| Complete 
|  52|0x0000000748400000, 0x0000000748600000, 0x0000000748600000|100%| S|CS|TAMS 0x0000000748400000, 0x0000000748400000| Complete 
|  53|0x0000000748600000, 0x0000000748600000, 0x0000000748800000|  0%| F|  |TAMS 0x0000000748600000, 0x0000000748600000| Untracked 
|  54|0x0000000748800000, 0x0000000748800000, 0x0000000748a00000|  0%| F|  |TAMS 0x0000000748800000, 0x0000000748800000| Untracked 
|  55|0x0000000748a00000, 0x0000000748a00000, 0x0000000748c00000|  0%| F|  |TAMS 0x0000000748a00000, 0x0000000748a00000| Untracked 
|  56|0x0000000748c00000, 0x0000000748c00000, 0x0000000748e00000|  0%| F|  |TAMS 0x0000000748c00000, 0x0000000748c00000| Untracked 
|  57|0x0000000748e00000, 0x0000000748e00000, 0x0000000749000000|  0%| F|  |TAMS 0x0000000748e00000, 0x0000000748e00000| Untracked 
|  58|0x0000000749000000, 0x0000000749000000, 0x0000000749200000|  0%| F|  |TAMS 0x0000000749000000, 0x0000000749000000| Untracked 
|  59|0x0000000749200000, 0x0000000749200000, 0x0000000749400000|  0%| F|  |TAMS 0x0000000749200000, 0x0000000749200000| Untracked 
|  60|0x0000000749400000, 0x0000000749400000, 0x0000000749600000|  0%| F|  |TAMS 0x0000000749400000, 0x0000000749400000| Untracked 
|  61|0x0000000749600000, 0x0000000749600000, 0x0000000749800000|  0%| F|  |TAMS 0x0000000749600000, 0x0000000749600000| Untracked 
|  62|0x0000000749800000, 0x0000000749800000, 0x0000000749a00000|  0%| F|  |TAMS 0x0000000749800000, 0x0000000749800000| Untracked 
|  63|0x0000000749a00000, 0x0000000749a00000, 0x0000000749c00000|  0%| F|  |TAMS 0x0000000749a00000, 0x0000000749a00000| Untracked 
|  64|0x0000000749c00000, 0x0000000749c00000, 0x0000000749e00000|  0%| F|  |TAMS 0x0000000749c00000, 0x0000000749c00000| Untracked 
|  65|0x0000000749e00000, 0x0000000749e00000, 0x000000074a000000|  0%| F|  |TAMS 0x0000000749e00000, 0x0000000749e00000| Untracked 
|  66|0x000000074a000000, 0x000000074a000000, 0x000000074a200000|  0%| F|  |TAMS 0x000000074a000000, 0x000000074a000000| Untracked 
|  67|0x000000074a200000, 0x000000074a200000, 0x000000074a400000|  0%| F|  |TAMS 0x000000074a200000, 0x000000074a200000| Untracked 
|  68|0x000000074a400000, 0x000000074a400000, 0x000000074a600000|  0%| F|  |TAMS 0x000000074a400000, 0x000000074a400000| Untracked 
|  69|0x000000074a600000, 0x000000074a600000, 0x000000074a800000|  0%| F|  |TAMS 0x000000074a600000, 0x000000074a600000| Untracked 
|  70|0x000000074a800000, 0x000000074a800000, 0x000000074aa00000|  0%| F|  |TAMS 0x000000074a800000, 0x000000074a800000| Untracked 
|  71|0x000000074aa00000, 0x000000074aa00000, 0x000000074ac00000|  0%| F|  |TAMS 0x000000074aa00000, 0x000000074aa00000| Untracked 
|  72|0x000000074ac00000, 0x000000074ac00000, 0x000000074ae00000|  0%| F|  |TAMS 0x000000074ac00000, 0x000000074ac00000| Untracked 
|  73|0x000000074ae00000, 0x000000074ae00000, 0x000000074b000000|  0%| F|  |TAMS 0x000000074ae00000, 0x000000074ae00000| Untracked 
|  74|0x000000074b000000, 0x000000074b000000, 0x000000074b200000|  0%| F|  |TAMS 0x000000074b000000, 0x000000074b000000| Untracked 
|  75|0x000000074b200000, 0x000000074b200000, 0x000000074b400000|  0%| F|  |TAMS 0x000000074b200000, 0x000000074b200000| Untracked 
|  76|0x000000074b400000, 0x000000074b400000, 0x000000074b600000|  0%| F|  |TAMS 0x000000074b400000, 0x000000074b400000| Untracked 
|  77|0x000000074b600000, 0x000000074b600000, 0x000000074b800000|  0%| F|  |TAMS 0x000000074b600000, 0x000000074b600000| Untracked 
|  78|0x000000074b800000, 0x000000074b800000, 0x000000074ba00000|  0%| F|  |TAMS 0x000000074b800000, 0x000000074b800000| Untracked 
|  79|0x000000074ba00000, 0x000000074ba00000, 0x000000074bc00000|  0%| F|  |TAMS 0x000000074ba00000, 0x000000074ba00000| Untracked 
|  80|0x000000074bc00000, 0x000000074bc00000, 0x000000074be00000|  0%| F|  |TAMS 0x000000074bc00000, 0x000000074bc00000| Untracked 
|  81|0x000000074be00000, 0x000000074be00000, 0x000000074c000000|  0%| F|  |TAMS 0x000000074be00000, 0x000000074be00000| Untracked 
|  82|0x000000074c000000, 0x000000074c000000, 0x000000074c200000|  0%| F|  |TAMS 0x000000074c000000, 0x000000074c000000| Untracked 
|  83|0x000000074c200000, 0x000000074c200000, 0x000000074c400000|  0%| F|  |TAMS 0x000000074c200000, 0x000000074c200000| Untracked 
|  84|0x000000074c400000, 0x000000074c400000, 0x000000074c600000|  0%| F|  |TAMS 0x000000074c400000, 0x000000074c400000| Untracked 
|  85|0x000000074c600000, 0x000000074c600000, 0x000000074c800000|  0%| F|  |TAMS 0x000000074c600000, 0x000000074c600000| Untracked 
|  86|0x000000074c800000, 0x000000074c800000, 0x000000074ca00000|  0%| F|  |TAMS 0x000000074c800000, 0x000000074c800000| Untracked 
|  87|0x000000074ca00000, 0x000000074ca00000, 0x000000074cc00000|  0%| F|  |TAMS 0x000000074ca00000, 0x000000074ca00000| Untracked 
|  88|0x000000074cc00000, 0x000000074cc00000, 0x000000074ce00000|  0%| F|  |TAMS 0x000000074cc00000, 0x000000074cc00000| Untracked 
|  89|0x000000074ce00000, 0x000000074ce00000, 0x000000074d000000|  0%| F|  |TAMS 0x000000074ce00000, 0x000000074ce00000| Untracked 
|  90|0x000000074d000000, 0x000000074d000000, 0x000000074d200000|  0%| F|  |TAMS 0x000000074d000000, 0x000000074d000000| Untracked 
|  91|0x000000074d200000, 0x000000074d200000, 0x000000074d400000|  0%| F|  |TAMS 0x000000074d200000, 0x000000074d200000| Untracked 
|  92|0x000000074d400000, 0x000000074d400000, 0x000000074d600000|  0%| F|  |TAMS 0x000000074d400000, 0x000000074d400000| Untracked 
|  93|0x000000074d600000, 0x000000074d600000, 0x000000074d800000|  0%| F|  |TAMS 0x000000074d600000, 0x000000074d600000| Untracked 
|  94|0x000000074d800000, 0x000000074d800000, 0x000000074da00000|  0%| F|  |TAMS 0x000000074d800000, 0x000000074d800000| Untracked 
|  95|0x000000074da00000, 0x000000074da00000, 0x000000074dc00000|  0%| F|  |TAMS 0x000000074da00000, 0x000000074da00000| Untracked 

Card table byte_map: [0x000001601b9f0000,0x000001601bff0000] _byte_map_base: 0x0000016017fe2000

Marking Bits (Prev, Next): (CMBitMap*) 0x00000160156b0920, (CMBitMap*) 0x00000160156b08e0
 Prev Bits: [0x000001601f580000, 0x0000016022510000)
 Next Bits: [0x000001601c5f0000, 0x000001601f580000)

Polling page: 0x00000160135f0000

Metaspace:

Usage:
  Non-class:     29.80 MB used.
      Class:      4.45 MB used.
       Both:     34.25 MB used.

Virtual space:
  Non-class space:       32.00 MB reserved,      29.94 MB ( 94%) committed,  4 nodes.
      Class space:        1.00 GB reserved,       4.62 MB ( <1%) committed,  1 nodes.
             Both:        1.03 GB reserved,      34.56 MB (  3%) committed. 

Chunk freelists:
   Non-Class:  1.63 MB
       Class:  3.42 MB
        Both:  5.05 MB

MaxMetaspaceSize: unlimited
CompressedClassSpaceSize: 1.00 GB
Initial GC threshold: 21.00 MB
Current GC threshold: 57.31 MB
CDS: off
MetaspaceReclaimPolicy: balanced
 - commit_granule_bytes: 65536.
 - commit_granule_words: 8192.
 - virtual_space_node_default_size: 1048576.
 - enlarge_chunks_in_place: 1.
 - new_chunks_are_fully_committed: 0.
 - uncommit_free_chunks: 1.
 - use_allocation_guard: 0.
 - handle_deallocations: 1.


Internal statistics:

num_allocs_failed_limit: 3.
num_arena_births: 300.
num_arena_deaths: 0.
num_vsnodes_births: 5.
num_vsnodes_deaths: 0.
num_space_committed: 553.
num_space_uncommitted: 0.
num_chunks_returned_to_freelist: 3.
num_chunks_taken_from_freelist: 1293.
num_chunk_merges: 3.
num_chunk_splits: 896.
num_chunks_enlarged: 699.
num_purges: 0.
num_inconsistent_stats: 0.

CodeCache: size=49152Kb used=9113Kb max_used=9113Kb free=40038Kb
 bounds [0x00000160182e0000, 0x0000016018bd0000, 0x000001601b2e0000]
 total_blobs=4192 nmethods=3667 adapters=449
 compilation: enabled
              stopped_count=0, restarted_count=0
 full_count=0

Compilation events (20 events):
Event: 3.875 Thread 0x000001602626f510 nmethod 3658 0x0000016018bb8c90 code [0x0000016018bb8e20, 0x0000016018bb8f38]
Event: 3.875 Thread 0x000001602626f510 3659       1       jdk.internal.module.SystemModuleFinders$SystemModuleReader$$Lambda$142/0x00000008001bc2c0::apply (12 bytes)
Event: 3.875 Thread 0x000001602581a3b0 nmethod 3665 0x0000016018bb8f90 code [0x0000016018bb9400, 0x0000016018bba3a8]
Event: 3.875 Thread 0x000001602581a3b0 3654       1       jdk.internal.jimage.BasicImageReader::findLocation (57 bytes)
Event: 3.875 Thread 0x000001602626f510 nmethod 3659 0x0000016018bbaf90 code [0x0000016018bbb120, 0x0000016018bbb248]
Event: 3.875 Thread 0x000001602626f510 3662       1       jdk.internal.module.SystemModuleFinders$SystemModuleReader::open (15 bytes)
Event: 3.876 Thread 0x000001602581a3b0 nmethod 3654 0x0000016018bbb310 code [0x0000016018bbb520, 0x0000016018bbbaa8]
Event: 3.876 Thread 0x000001602581a3b0 3664       1       java.util.zip.Inflater::<init> (6 bytes)
Event: 3.876 Thread 0x000001602581a3b0 nmethod 3664 0x0000016018bbbd10 code [0x0000016018bbbee0, 0x0000016018bbc298]
Event: 3.876 Thread 0x000001602581a3b0 3661   !   1       nonapi.io.github.classgraph.fileslice.reader.ClassfileReader::close (43 bytes)
Event: 3.876 Thread 0x000001602626f510 nmethod 3662 0x0000016018bbc410 code [0x0000016018bbc620, 0x0000016018bbcc28]
Event: 3.876 Thread 0x000001602581a3b0 nmethod 3661 0x0000016018bbcf90 code [0x0000016018bbd140, 0x0000016018bbd318]
Event: 3.876 Thread 0x000001602626f510 3652       1       jdk.internal.jimage.ImageReader::findLocation (14 bytes)
Event: 3.877 Thread 0x000001602626f510 nmethod 3652 0x0000016018bbd410 code [0x0000016018bbd5c0, 0x0000016018bbd758]
Event: 3.877 Thread 0x000001602641dff0 nmethod 3656 0x0000016018bbd890 code [0x0000016018bbdc00, 0x0000016018bbeac8]
Event: 3.877 Thread 0x00000160258b4950 nmethod 3632 0x0000016018bbf310 code [0x0000016018bbfb40, 0x0000016018bc2868]
Event: 3.879 Thread 0x00000160258b4950 3666   !   1       jdk.internal.reflect.GeneratedMethodAccessor27::invoke (67 bytes)
Event: 3.879 Thread 0x00000160258b4950 nmethod 3666 0x0000016018bc4310 code [0x0000016018bc4500, 0x0000016018bc4978]
Event: 3.908 Thread 0x000001602626f510 3667  s!   1       jdk.internal.loader.URLClassPath::getLoader (196 bytes)
Event: 3.909 Thread 0x000001602626f510 nmethod 3667 0x0000016018bc4c10 code [0x0000016018bc4ec0, 0x0000016018bc5938]

GC Heap History (20 events):
Event: 3.294 GC heap after
{Heap after GC invocations=11 (full 0):
 garbage-first heap   total 61440K, used 28161K [0x0000000741c00000, 0x0000000800000000)
  region size 2048K, 2 young (4096K), 2 survivors (4096K)
 Metaspace       used 33568K, committed 33856K, reserved 1081344K
  class space    used 4270K, committed 4416K, reserved 1048576K
}
Event: 3.330 GC heap before
{Heap before GC invocations=11 (full 0):
 garbage-first heap   total 61440K, used 42497K [0x0000000741c00000, 0x0000000800000000)
  region size 2048K, 10 young (20480K), 2 survivors (4096K)
 Metaspace       used 33784K, committed 34112K, reserved 1081344K
  class space    used 4305K, committed 4480K, reserved 1048576K
}
Event: 3.335 GC heap after
{Heap after GC invocations=12 (full 0):
 garbage-first heap   total 88064K, used 31346K [0x0000000741c00000, 0x0000000800000000)
  region size 2048K, 2 young (4096K), 2 survivors (4096K)
 Metaspace       used 33784K, committed 34112K, reserved 1081344K
  class space    used 4305K, committed 4480K, reserved 1048576K
}
Event: 3.394 GC heap before
{Heap before GC invocations=12 (full 0):
 garbage-first heap   total 88064K, used 60018K [0x0000000741c00000, 0x0000000800000000)
  region size 2048K, 16 young (32768K), 2 survivors (4096K)
 Metaspace       used 34351K, committed 34688K, reserved 1081344K
  class space    used 4407K, committed 4544K, reserved 1048576K
}
Event: 3.401 GC heap after
{Heap after GC invocations=13 (full 0):
 garbage-first heap   total 88064K, used 38904K [0x0000000741c00000, 0x0000000800000000)
  region size 2048K, 2 young (4096K), 2 survivors (4096K)
 Metaspace       used 34351K, committed 34688K, reserved 1081344K
  class space    used 4407K, committed 4544K, reserved 1048576K
}
Event: 3.441 GC heap before
{Heap before GC invocations=13 (full 0):
 garbage-first heap   total 88064K, used 61432K [0x0000000741c00000, 0x0000000800000000)
  region size 2048K, 13 young (26624K), 2 survivors (4096K)
 Metaspace       used 34623K, committed 34944K, reserved 1081344K
  class space    used 4481K, committed 4608K, reserved 1048576K
}
Event: 3.446 GC heap after
{Heap after GC invocations=14 (full 0):
 garbage-first heap   total 88064K, used 43425K [0x0000000741c00000, 0x0000000800000000)
  region size 2048K, 2 young (4096K), 2 survivors (4096K)
 Metaspace       used 34623K, committed 34944K, reserved 1081344K
  class space    used 4481K, committed 4608K, reserved 1048576K
}
Event: 3.686 GC heap before
{Heap before GC invocations=14 (full 0):
 garbage-first heap   total 88064K, used 61857K [0x0000000741c00000, 0x0000000800000000)
  region size 2048K, 11 young (22528K), 2 survivors (4096K)
 Metaspace       used 34915K, committed 35200K, reserved 1081344K
  class space    used 4533K, committed 4672K, reserved 1048576K
}
Event: 3.690 GC heap after
{Heap after GC invocations=15 (full 0):
 garbage-first heap   total 88064K, used 47390K [0x0000000741c00000, 0x0000000800000000)
  region size 2048K, 2 young (4096K), 2 survivors (4096K)
 Metaspace       used 34915K, committed 35200K, reserved 1081344K
  class space    used 4533K, committed 4672K, reserved 1048576K
}
Event: 3.786 GC heap before
{Heap before GC invocations=16 (full 0):
 garbage-first heap   total 92160K, used 63774K [0x0000000741c00000, 0x0000000800000000)
  region size 2048K, 10 young (20480K), 2 survivors (4096K)
 Metaspace       used 34917K, committed 35200K, reserved 1081344K
  class space    used 4533K, committed 4672K, reserved 1048576K
}
Event: 3.792 GC heap after
{Heap after GC invocations=17 (full 0):
 garbage-first heap   total 92160K, used 53645K [0x0000000741c00000, 0x0000000800000000)
  region size 2048K, 2 young (4096K), 2 survivors (4096K)
 Metaspace       used 34917K, committed 35200K, reserved 1081344K
  class space    used 4533K, committed 4672K, reserved 1048576K
}
Event: 3.817 GC heap before
{Heap before GC invocations=17 (full 0):
 garbage-first heap   total 92160K, used 63885K [0x0000000741c00000, 0x0000000800000000)
  region size 2048K, 8 young (16384K), 2 survivors (4096K)
 Metaspace       used 34966K, committed 35328K, reserved 1081344K
  class space    used 4542K, committed 4736K, reserved 1048576K
}
Event: 3.834 GC heap after
{Heap after GC invocations=18 (full 0):
 garbage-first heap   total 184320K, used 59165K [0x0000000741c00000, 0x0000000800000000)
  region size 2048K, 1 young (2048K), 1 survivors (2048K)
 Metaspace       used 34966K, committed 35328K, reserved 1081344K
  class space    used 4542K, committed 4736K, reserved 1048576K
}
Event: 3.870 GC heap before
{Heap before GC invocations=18 (full 0):
 garbage-first heap   total 184320K, used 106269K [0x0000000741c00000, 0x0000000800000000)
  region size 2048K, 25 young (51200K), 1 survivors (2048K)
 Metaspace       used 34977K, committed 35328K, reserved 1081344K
  class space    used 4543K, committed 4736K, reserved 1048576K
}
Event: 3.874 GC heap after
{Heap after GC invocations=19 (full 0):
 garbage-first heap   total 184320K, used 61393K [0x0000000741c00000, 0x0000000800000000)
  region size 2048K, 3 young (6144K), 3 survivors (6144K)
 Metaspace       used 34977K, committed 35328K, reserved 1081344K
  class space    used 4543K, committed 4736K, reserved 1048576K
}
Event: 3.900 GC heap before
{Heap before GC invocations=19 (full 0):
 garbage-first heap   total 184320K, used 128977K [0x0000000741c00000, 0x0000000800000000)
  region size 2048K, 37 young (75776K), 3 survivors (6144K)
 Metaspace       used 34989K, committed 35328K, reserved 1081344K
  class space    used 4546K, committed 4736K, reserved 1048576K
}
Event: 3.904 GC heap after
{Heap after GC invocations=20 (full 0):
 garbage-first heap   total 184320K, used 64028K [0x0000000741c00000, 0x0000000800000000)
  region size 2048K, 4 young (8192K), 4 survivors (8192K)
 Metaspace       used 34989K, committed 35328K, reserved 1081344K
  class space    used 4546K, committed 4736K, reserved 1048576K
}
Event: 3.927 GC heap before
{Heap before GC invocations=20 (full 0):
 garbage-first heap   total 184320K, used 133660K [0x0000000741c00000, 0x0000000800000000)
  region size 2048K, 40 young (81920K), 4 survivors (8192K)
 Metaspace       used 35069K, committed 35392K, reserved 1081344K
  class space    used 4557K, committed 4736K, reserved 1048576K
}
Event: 3.933 GC heap after
{Heap after GC invocations=21 (full 0):
 garbage-first heap   total 184320K, used 67052K [0x0000000741c00000, 0x0000000800000000)
  region size 2048K, 4 young (8192K), 4 survivors (8192K)
 Metaspace       used 35069K, committed 35392K, reserved 1081344K
  class space    used 4557K, committed 4736K, reserved 1048576K
}
Event: 3.951 GC heap before
{Heap before GC invocations=22 (full 0):
 garbage-first heap   total 184320K, used 138732K [0x0000000741c00000, 0x0000000800000000)
  region size 2048K, 40 young (81920K), 4 survivors (8192K)
 Metaspace       used 35069K, committed 35392K, reserved 1081344K
  class space    used 4557K, committed 4736K, reserved 1048576K
}

Deoptimization events (16 events):
Event: 0.921 Thread 0x0000016015657b10 DEOPT PACKING pc=0x00000160186f8601 sp=0x0000000981afdb20
Event: 0.921 Thread 0x0000016015657b10 DEOPT UNPACKING pc=0x0000016018332b43 sp=0x0000000981afcf90 mode 3
Event: 1.628 Thread 0x0000016015657b10 DEOPT PACKING pc=0x00000160188223f9 sp=0x0000000981afd2d0
Event: 1.628 Thread 0x0000016015657b10 DEOPT UNPACKING pc=0x0000016018332b43 sp=0x0000000981afc7b0 mode 3
Event: 2.073 Thread 0x0000016015657b10 DEOPT PACKING pc=0x00000160188e9981 sp=0x0000000981afcfa0
Event: 2.073 Thread 0x0000016015657b10 DEOPT UNPACKING pc=0x0000016018332b43 sp=0x0000000981afc410 mode 3
Event: 2.904 Thread 0x0000016015657b10 DEOPT PACKING pc=0x000001601898b679 sp=0x0000000981afc840
Event: 2.904 Thread 0x0000016015657b10 DEOPT UNPACKING pc=0x0000016018332b43 sp=0x0000000981afbd20 mode 3
Event: 3.004 Thread 0x0000016027824900 DEOPT PACKING pc=0x00000160189efb13 sp=0x00000009834fe8d0
Event: 3.004 Thread 0x0000016027824900 DEOPT UNPACKING pc=0x0000016018332b43 sp=0x00000009834fde18 mode 3
Event: 3.239 Thread 0x00000160279db7c0 DEOPT PACKING pc=0x0000016018823a89 sp=0x00000009847febc0
Event: 3.239 Thread 0x00000160279db7c0 DEOPT UNPACKING pc=0x0000016018332b43 sp=0x00000009847fe050 mode 3
Event: 3.338 Thread 0x00000160279d82d0 DEOPT PACKING pc=0x0000016018b459ed sp=0x0000000984afd7b0
Event: 3.338 Thread 0x00000160279d82d0 DEOPT UNPACKING pc=0x0000016018332b43 sp=0x0000000984afccd8 mode 3
Event: 3.401 Thread 0x00000160278afa30 DEOPT PACKING pc=0x000001601881c71f sp=0x00000009840febd0
Event: 3.401 Thread 0x00000160278afa30 DEOPT UNPACKING pc=0x0000016018332b43 sp=0x00000009840fe028 mode 3

Classes unloaded (0 events):
No events

Classes redefined (0 events):
No events

Internal exceptions (20 events):
Event: 3.083 Thread 0x000001602798ce30 Exception <a 'sun/nio/fs/WindowsException'{0x0000000744e6a150}> (0x0000000744e6a150) 
thrown [e:\jenkins\tmp\workspace\build\src\src\hotspot\share\prims\jni.cpp, line 516]
Event: 3.083 Thread 0x000001602798ce30 Exception <a 'sun/nio/fs/WindowsException'{0x0000000744e6ab38}> (0x0000000744e6ab38) 
thrown [e:\jenkins\tmp\workspace\build\src\src\hotspot\share\prims\jni.cpp, line 516]
Event: 3.084 Thread 0x000001602798ce30 Exception <a 'sun/nio/fs/WindowsException'{0x0000000744e6aec8}> (0x0000000744e6aec8) 
thrown [e:\jenkins\tmp\workspace\build\src\src\hotspot\share\prims\jni.cpp, line 516]
Event: 3.084 Thread 0x000001602798ce30 Exception <a 'sun/nio/fs/WindowsException'{0x0000000744e6b8c0}> (0x0000000744e6b8c0) 
thrown [e:\jenkins\tmp\workspace\build\src\src\hotspot\share\prims\jni.cpp, line 516]
Event: 3.084 Thread 0x000001602798ce30 Exception <a 'sun/nio/fs/WindowsException'{0x0000000744e6bc70}> (0x0000000744e6bc70) 
thrown [e:\jenkins\tmp\workspace\build\src\src\hotspot\share\prims\jni.cpp, line 516]
Event: 3.084 Thread 0x000001602798ce30 Exception <a 'sun/nio/fs/WindowsException'{0x0000000744e6c658}> (0x0000000744e6c658) 
thrown [e:\jenkins\tmp\workspace\build\src\src\hotspot\share\prims\jni.cpp, line 516]
Event: 3.084 Thread 0x000001602798ce30 Exception <a 'sun/nio/fs/WindowsException'{0x0000000744e6c9e8}> (0x0000000744e6c9e8) 
thrown [e:\jenkins\tmp\workspace\build\src\src\hotspot\share\prims\jni.cpp, line 516]
Event: 3.084 Thread 0x000001602798ce30 Exception <a 'sun/nio/fs/WindowsException'{0x0000000744e6d3e0}> (0x0000000744e6d3e0) 
thrown [e:\jenkins\tmp\workspace\build\src\src\hotspot\share\prims\jni.cpp, line 516]
Event: 3.084 Thread 0x000001602798ce30 Exception <a 'sun/nio/fs/WindowsException'{0x0000000744e6d790}> (0x0000000744e6d790) 
thrown [e:\jenkins\tmp\workspace\build\src\src\hotspot\share\prims\jni.cpp, line 516]
Event: 3.084 Thread 0x000001602798ce30 Exception <a 'sun/nio/fs/WindowsException'{0x0000000744e6e1a0}> (0x0000000744e6e1a0) 
thrown [e:\jenkins\tmp\workspace\build\src\src\hotspot\share\prims\jni.cpp, line 516]
Event: 3.084 Thread 0x000001602798ce30 Exception <a 'sun/nio/fs/WindowsException'{0x0000000744e6e560}> (0x0000000744e6e560) 
thrown [e:\jenkins\tmp\workspace\build\src\src\hotspot\share\prims\jni.cpp, line 516]
Event: 3.085 Thread 0x000001602798ce30 Exception <a 'sun/nio/fs/WindowsException'{0x0000000744e6ef88}> (0x0000000744e6ef88) 
thrown [e:\jenkins\tmp\workspace\build\src\src\hotspot\share\prims\jni.cpp, line 516]
Event: 3.085 Thread 0x000001602798ce30 Exception <a 'sun/nio/fs/WindowsException'{0x0000000744e6f368}> (0x0000000744e6f368) 
thrown [e:\jenkins\tmp\workspace\build\src\src\hotspot\share\prims\jni.cpp, line 516]
Event: 3.085 Thread 0x000001602798ce30 Exception <a 'sun/nio/fs/WindowsException'{0x0000000744e6fd88}> (0x0000000744e6fd88) 
thrown [e:\jenkins\tmp\workspace\build\src\src\hotspot\share\prims\jni.cpp, line 516]
Event: 3.085 Thread 0x000001602798ce30 Exception <a 'sun/nio/fs/WindowsException'{0x0000000744e70168}> (0x0000000744e70168) 
thrown [e:\jenkins\tmp\workspace\build\src\src\hotspot\share\prims\jni.cpp, line 516]
Event: 3.330 Thread 0x00000160279d82d0 Exception <a 'java/lang/NoSuchMethodError'{0x00000007449c39f0}: 'java.lang.Object java.lang.invoke.DirectMethodHandle$Holder.invokeStatic(java.lang.Object, int, java.lang.Object)'> (0x00000007449c39f0) 
thrown [e:\jenkins\tmp\workspace\build\src\src\hotspot\share\interpreter\linkResolver.cpp, line 766]
Event: 3.337 Thread 0x00000160279d6120 Exception <a 'java/lang/NoSuchMethodError'{0x000000074da0c1b0}: 'java.lang.Object java.lang.invoke.DirectMethodHandle$Holder.invokeStatic(java.lang.Object, java.lang.Object, java.lang.Object, int, java.lang.Object, java.lang.Object)'> (0x000000074da0c1b0) 
thrown [e:\jenkins\tmp\workspace\build\src\src\hotspot\share\interpreter\linkResolver.cpp, line 766]
Event: 3.456 Thread 0x00000160279d82d0 Exception <a 'java/lang/NoSuchMethodError'{0x000000074c2b1430}: 'int java.lang.invoke.DirectMethodHandle$Holder.invokeStatic(java.lang.Object)'> (0x000000074c2b1430) 
thrown [e:\jenkins\tmp\workspace\build\src\src\hotspot\share\interpreter\linkResolver.cpp, line 766]
Event: 3.456 Thread 0x00000160279d82d0 Exception <a 'java/lang/NoSuchMethodError'{0x000000074c2d5c90}: 'int java.lang.invoke.DirectMethodHandle$Holder.invokeStaticInit(java.lang.Object)'> (0x000000074c2d5c90) 
thrown [e:\jenkins\tmp\workspace\build\src\src\hotspot\share\interpreter\linkResolver.cpp, line 766]
Event: 3.468 Thread 0x00000160279d6120 Exception <a 'java/lang/NoSuchMethodError'{0x00000007468b21e8}: 'int java.lang.invoke.DirectMethodHandle$Holder.invokeVirtual(java.lang.Object, java.lang.Object)'> (0x00000007468b21e8) 
thrown [e:\jenkins\tmp\workspace\build\src\src\hotspot\share\interpreter\linkResolver.cpp, line 766]

VM Operations (20 events):
Event: 3.875 Executing VM operation: G1CollectForAllocation done
Event: 3.899 Executing VM operation: G1CollectForAllocation
Event: 3.900 Executing VM operation: G1CollectForAllocation done
Event: 3.900 Executing VM operation: HandshakeAllThreads
Event: 3.900 Executing VM operation: HandshakeAllThreads done
Event: 3.900 Executing VM operation: G1CollectForAllocation
Event: 3.904 Executing VM operation: G1CollectForAllocation done
Event: 3.905 Executing VM operation: HandshakeAllThreads
Event: 3.905 Executing VM operation: HandshakeAllThreads done
Event: 3.905 Executing VM operation: G1Concurrent
Event: 3.907 Executing VM operation: G1Concurrent done
Event: 3.927 Executing VM operation: G1CollectForAllocation
Event: 3.927 Executing VM operation: G1CollectForAllocation done
Event: 3.927 Executing VM operation: G1CollectForAllocation
Event: 3.933 Executing VM operation: G1CollectForAllocation done
Event: 3.940 Executing VM operation: G1Concurrent
Event: 3.940 Executing VM operation: G1Concurrent done
Event: 3.950 Executing VM operation: G1CollectForAllocation
Event: 3.951 Executing VM operation: G1CollectForAllocation done
Event: 3.951 Executing VM operation: G1CollectForAllocation

Events (20 events):
Event: 3.366 Thread 0x00000160279dcfd0 Thread added: 0x00000160279dcfd0
Event: 3.368 Thread 0x00000160279d7e00 Thread added: 0x00000160279d7e00
Event: 3.369 Thread 0x00000160279d87a0 Thread added: 0x00000160279d87a0
Event: 3.370 Thread 0x00000160279da480 Thread added: 0x00000160279da480
Event: 3.372 Thread 0x00000160279dd970 Thread added: 0x00000160279dd970
Event: 3.373 Thread 0x00000160279d7930 Thread added: 0x00000160279d7930
Event: 3.461 Thread 0x00000160279dae20 Thread added: 0x00000160279dae20
Event: 3.464 loading class java/util/concurrent/CompletionException
Event: 3.464 loading class java/util/concurrent/CompletionException done
Event: 3.470 loading class java/io/PrintWriter
Event: 3.470 loading class java/io/PrintWriter done
Event: 3.472 loading class sun/nio/cs/StringUTF16
Event: 3.472 loading class sun/nio/cs/StringUTF16 done
Event: 3.473 loading class java/util/WeakHashMap$EntrySet
Event: 3.473 loading class java/util/WeakHashMap$EntrySet done
Event: 3.473 loading class java/util/WeakHashMap$EntryIterator
Event: 3.473 loading class java/util/WeakHashMap$HashIterator
Event: 3.473 loading class java/util/WeakHashMap$HashIterator done
Event: 3.473 loading class java/util/WeakHashMap$EntryIterator done
Event: 3.474 Thread 0x00000160279d9140 Thread added: 0x00000160279d9140


Dynamic libraries:
0x00007ff6aac80000 - 0x00007ff6aac8e000 	c:\Users\pc\.vscode\extensions\redhat.java-1.9.0-win32-x64\jre\17.0.3-win32-x86_64\bin\java.exe
0x00007ffe49eb0000 - 0x00007ffe4a0a8000 	C:\WINDOWS\SYSTEM32\ntdll.dll
0x00007ffe49b10000 - 0x00007ffe49bcd000 	C:\WINDOWS\System32\KERNEL32.DLL
0x00007ffe47600000 - 0x00007ffe478ce000 	C:\WINDOWS\System32\KERNELBASE.dll
0x00007ffe47da0000 - 0x00007ffe47ea0000 	C:\WINDOWS\System32\ucrtbase.dll
0x00007ffe3aef0000 - 0x00007ffe3af09000 	c:\Users\pc\.vscode\extensions\redhat.java-1.9.0-win32-x64\jre\17.0.3-win32-x86_64\bin\VCRUNTIME140.dll
0x00007ffe3aed0000 - 0x00007ffe3aee8000 	c:\Users\pc\.vscode\extensions\redhat.java-1.9.0-win32-x64\jre\17.0.3-win32-x86_64\bin\jli.dll
0x00007ffe48ea0000 - 0x00007ffe49040000 	C:\WINDOWS\System32\USER32.dll
0x00007ffe47c70000 - 0x00007ffe47c92000 	C:\WINDOWS\System32\win32u.dll
0x00007ffe49d90000 - 0x00007ffe49dba000 	C:\WINDOWS\System32\GDI32.dll
0x00007ffe29880000 - 0x00007ffe29b1a000 	C:\WINDOWS\WinSxS\amd64_microsoft.windows.common-controls_6595b64144ccf1df_6.0.19041.1110_none_60b5254171f9507e\COMCTL32.dll
0x00007ffe49040000 - 0x00007ffe490de000 	C:\WINDOWS\System32\msvcrt.dll
0x00007ffe47ad0000 - 0x00007ffe47bdb000 	C:\WINDOWS\System32\gdi32full.dll
0x00007ffe47a30000 - 0x00007ffe47acd000 	C:\WINDOWS\System32\msvcp_win.dll
0x00007ffe48c90000 - 0x00007ffe48cc0000 	C:\WINDOWS\System32\IMM32.DLL
0x00007ffe42160000 - 0x00007ffe4216c000 	c:\Users\pc\.vscode\extensions\redhat.java-1.9.0-win32-x64\jre\17.0.3-win32-x86_64\bin\vcruntime140_1.dll
0x00007ffdf9ba0000 - 0x00007ffdf9c31000 	c:\Users\pc\.vscode\extensions\redhat.java-1.9.0-win32-x64\jre\17.0.3-win32-x86_64\bin\msvcp140.dll
0x00007ffddb4a0000 - 0x00007ffddc0e8000 	c:\Users\pc\.vscode\extensions\redhat.java-1.9.0-win32-x64\jre\17.0.3-win32-x86_64\bin\server\jvm.dll
0x00007ffe49dc0000 - 0x00007ffe49e6e000 	C:\WINDOWS\System32\ADVAPI32.dll
0x00007ffe48cc0000 - 0x00007ffe48d5c000 	C:\WINDOWS\System32\sechost.dll
0x00007ffe48d60000 - 0x00007ffe48e85000 	C:\WINDOWS\System32\RPCRT4.dll
0x00007ffe48e90000 - 0x00007ffe48e98000 	C:\WINDOWS\System32\PSAPI.DLL
0x00007ffe27b30000 - 0x00007ffe27b57000 	C:\WINDOWS\SYSTEM32\WINMM.dll
0x00007ffe40960000 - 0x00007ffe4096a000 	C:\WINDOWS\SYSTEM32\VERSION.dll
0x00007ffe29830000 - 0x00007ffe29839000 	C:\WINDOWS\SYSTEM32\WSOCK32.dll
0x00007ffe493c0000 - 0x00007ffe4942b000 	C:\WINDOWS\System32\WS2_32.dll
0x00007ffe45eb0000 - 0x00007ffe45ec2000 	C:\WINDOWS\SYSTEM32\kernel.appcore.dll
0x00007ffe42140000 - 0x00007ffe4214a000 	c:\Users\pc\.vscode\extensions\redhat.java-1.9.0-win32-x64\jre\17.0.3-win32-x86_64\bin\jimage.dll
0x00007ffe45b80000 - 0x00007ffe45d64000 	C:\WINDOWS\SYSTEM32\DBGHELP.DLL
0x00007ffe32c00000 - 0x00007ffe32c2c000 	C:\WINDOWS\SYSTEM32\dbgcore.DLL
0x00007ffe47be0000 - 0x00007ffe47c62000 	C:\WINDOWS\System32\bcryptPrimitives.dll
0x00007ffe2ecb0000 - 0x00007ffe2ecd5000 	c:\Users\pc\.vscode\extensions\redhat.java-1.9.0-win32-x64\jre\17.0.3-win32-x86_64\bin\java.dll
0x00007ffe39d00000 - 0x00007ffe39d18000 	c:\Users\pc\.vscode\extensions\redhat.java-1.9.0-win32-x64\jre\17.0.3-win32-x86_64\bin\zip.dll
0x00007ffe48280000 - 0x00007ffe489c4000 	C:\WINDOWS\System32\SHELL32.dll
0x00007ffe453e0000 - 0x00007ffe45b74000 	C:\WINDOWS\SYSTEM32\windows.storage.dll
0x00007ffe47f20000 - 0x00007ffe48274000 	C:\WINDOWS\System32\combase.dll
0x00007ffe47030000 - 0x00007ffe47060000 	C:\WINDOWS\SYSTEM32\Wldp.dll
0x00007ffe48be0000 - 0x00007ffe48c8d000 	C:\WINDOWS\System32\SHCORE.dll
0x00007ffe49510000 - 0x00007ffe49565000 	C:\WINDOWS\System32\shlwapi.dll
0x00007ffe47510000 - 0x00007ffe4752f000 	C:\WINDOWS\SYSTEM32\profapi.dll
0x00007ffe30980000 - 0x00007ffe30999000 	C:\Users\pc\.vscode\extensions\redhat.java-1.9.0-win32-x64\jre\17.0.3-win32-x86_64\bin\net.dll
0x00007ffe3e410000 - 0x00007ffe3e51a000 	C:\WINDOWS\SYSTEM32\WINHTTP.dll
0x00007ffe46d90000 - 0x00007ffe46dfa000 	C:\WINDOWS\system32\mswsock.dll
0x00007ffe30960000 - 0x00007ffe30975000 	C:\Users\pc\.vscode\extensions\redhat.java-1.9.0-win32-x64\jre\17.0.3-win32-x86_64\bin\nio.dll
0x00007ffe3f230000 - 0x00007ffe3f240000 	c:\Users\pc\.vscode\extensions\redhat.java-1.9.0-win32-x64\jre\17.0.3-win32-x86_64\bin\verify.dll
0x00007ffe3ae20000 - 0x00007ffe3ae29000 	C:\Users\pc\.vscode\extensions\redhat.java-1.9.0-win32-x64\jre\17.0.3-win32-x86_64\bin\management.dll
0x00007ffe38b40000 - 0x00007ffe38b4b000 	C:\Users\pc\.vscode\extensions\redhat.java-1.9.0-win32-x64\jre\17.0.3-win32-x86_64\bin\management_ext.dll
0x00007ffe272d0000 - 0x00007ffe272e7000 	C:\WINDOWS\system32\napinsp.dll
0x00007ffe27260000 - 0x00007ffe2727b000 	C:\WINDOWS\system32\pnrpnsp.dll
0x00007ffe424b0000 - 0x00007ffe424c5000 	C:\WINDOWS\system32\wshbth.dll
0x00007ffe3fb10000 - 0x00007ffe3fb2d000 	C:\WINDOWS\system32\NLAapi.dll
0x00007ffe46a30000 - 0x00007ffe46a6b000 	C:\WINDOWS\SYSTEM32\IPHLPAPI.DLL
0x00007ffe46a70000 - 0x00007ffe46b3a000 	C:\WINDOWS\SYSTEM32\DNSAPI.dll
0x00007ffe49d80000 - 0x00007ffe49d88000 	C:\WINDOWS\System32\NSI.dll
0x00007ffe274e0000 - 0x00007ffe274f2000 	C:\WINDOWS\System32\winrnr.dll
0x00007ffe3ee20000 - 0x00007ffe3ee2a000 	C:\Windows\System32\rasadhlp.dll
0x00007ffe2e990000 - 0x00007ffe2ea10000 	C:\WINDOWS\System32\fwpuclnt.dll
0x00007ffe475d0000 - 0x00007ffe475f7000 	C:\WINDOWS\System32\bcrypt.dll
0x00007ffe46f80000 - 0x00007ffe46f98000 	C:\WINDOWS\SYSTEM32\CRYPTSP.dll
0x00007ffe466a0000 - 0x00007ffe466d4000 	C:\WINDOWS\system32\rsaenh.dll
0x00007ffe474d0000 - 0x00007ffe474fe000 	C:\WINDOWS\SYSTEM32\USERENV.dll
0x00007ffe46fa0000 - 0x00007ffe46fac000 	C:\WINDOWS\SYSTEM32\CRYPTBASE.dll
0x00007ffe3e830000 - 0x00007ffe3e847000 	C:\WINDOWS\SYSTEM32\dhcpcsvc6.DLL
0x00007ffe3ee00000 - 0x00007ffe3ee1d000 	C:\WINDOWS\SYSTEM32\dhcpcsvc.DLL

dbghelp: loaded successfully - version: 4.0.5 - missing functions: none
symbol engine: initialized successfully - sym options: 0x614 - pdb path: .;c:\Users\pc\.vscode\extensions\redhat.java-1.9.0-win32-x64\jre\17.0.3-win32-x86_64\bin;C:\WINDOWS\SYSTEM32;C:\WINDOWS\WinSxS\amd64_microsoft.windows.common-controls_6595b64144ccf1df_6.0.19041.1110_none_60b5254171f9507e;c:\Users\pc\.vscode\extensions\redhat.java-1.9.0-win32-x64\jre\17.0.3-win32-x86_64\bin\server

VM Arguments:
jvm_args: -Dsts.lsp.client=vscode -Dsts.log.file=/dev/null -XX:TieredStopAtLevel=1 -Dspring.config.location=file:c:\Users\pc\.vscode\extensions\pivotal.vscode-spring-boot-1.38.0\language-server\BOOT-INF\classes\application.properties 
java_command: org.springframework.ide.vscode.boot.app.BootLanguageServerBootApp
java_class_path (initial): c:\Users\pc\.vscode\extensions\pivotal.vscode-spring-boot-1.38.0\language-server\BOOT-INF\classes;c:\Users\pc\.vscode\extensions\pivotal.vscode-spring-boot-1.38.0\language-server\BOOT-INF\lib\annotations-23.0.0.jar;c:\Users\pc\.vscode\extensions\pivotal.vscode-spring-boot-1.38.0\language-server\BOOT-INF\lib\antlr-runtime-3.5.2.jar;c:\Users\pc\.vscode\extensions\pivotal.vscode-spring-boot-1.38.0\language-server\BOOT-INF\lib\antlr4-4.9.3.jar;c:\Users\pc\.vscode\extensions\pivotal.vscode-spring-boot-1.38.0\language-server\BOOT-INF\lib\antlr4-runtime-4.9.3.jar;c:\Users\pc\.vscode\extensions\pivotal.vscode-spring-boot-1.38.0\language-server\BOOT-INF\lib\asm-9.3.jar;c:\Users\pc\.vscode\extensions\pivotal.vscode-spring-boot-1.38.0\language-server\BOOT-INF\lib\asm-analysis-9.3.jar;c:\Users\pc\.vscode\extensions\pivotal.vscode-spring-boot-1.38.0\language-server\BOOT-INF\lib\asm-tree-9.3.jar;c:\Users\pc\.vscode\extensions\pivotal.vscode-spring-boot-1.38.0\language-server\BOOT-INF\lib\asm-util-9.3.jar;c:\Users\pc\.vscode\extensions\pivotal.vscode-spring-boot-1.38.0\language-server\BOOT-INF\lib\byte-buddy-1.10.18.jar;c:\Users\pc\.vscode\extensions\pivotal.vscode-spring-boot-1.38.0\language-server\BOOT-INF\lib\caffeine-2.8.6.jar;c:\Users\pc\.vscode\extensions\pivotal.vscode-spring-boot-1.38.0\language-server\BOOT-INF\lib\checker-qual-3.12.0.jar;c:\Users\pc\.vscode\extensions\pivotal.vscode-spring-boot-1.38.0\language-server\BOOT-INF\lib\classgraph-4.8.149.jar;c:\Users\pc\.vscode\extensions\pivotal.vscode-spring-boot-1.38.0\language-server\BOOT-INF\lib\commons-codec-1.14.jar;c:\Users\pc\.vscode\extensions\pivotal.vscode-spring-boot-1.38.0\language-server\BOOT-INF\lib\commons-compress-1.21.jar;c:\Users\pc\.vscode\extensions\pivotal.vscode-spring-boot-1.38.0\language-server\BOOT-INF\lib\commons-exec-1.3.jar;c:\Users\pc\.vscode\extensions\pivotal.vscode-spring-boot-1.38.0\language-server\BOOT-INF\lib\commons-io-2.4.jar;c:\Users\pc\.vscode\extensions\pivo
Launcher Type: SUN_STANDARD

[Global flags]
     intx CICompilerCount                          = 4                                         {product} {ergonomic}
     uint ConcGCThreads                            = 2                                         {product} {ergonomic}
     uint G1ConcRefinementThreads                  = 8                                         {product} {ergonomic}
   size_t G1HeapRegionSize                         = 2097152                                   {product} {ergonomic}
    uintx GCDrainStackTargetSize                   = 64                                        {product} {ergonomic}
   size_t InitialHeapSize                          = 201326592                                 {product} {ergonomic}
   size_t MarkStackSize                            = 4194304                                   {product} {ergonomic}
   size_t MaxHeapSize                              = 3191865344                                {product} {ergonomic}
   size_t MaxNewSize                               = 1914699776                                {product} {ergonomic}
   size_t MinHeapDeltaBytes                        = 2097152                                   {product} {ergonomic}
   size_t MinHeapSize                              = 8388608                                   {product} {ergonomic}
    uintx NonProfiledCodeHeapSize                  = 0                                      {pd product} {ergonomic}
     bool ProfileInterpreter                       = false                                  {pd product} {command line}
    uintx ProfiledCodeHeapSize                     = 0                                      {pd product} {ergonomic}
   size_t SoftMaxHeapSize                          = 3191865344                             {manageable} {ergonomic}
     intx TieredStopAtLevel                        = 1                                         {product} {command line}
     bool UseCompressedClassPointers               = true                           {product lp64_product} {ergonomic}
     bool UseCompressedOops                        = true                           {product lp64_product} {ergonomic}
     bool UseG1GC                                  = true                                      {product} {ergonomic}
     bool UseLargePagesIndividualAllocation        = false                                  {pd product} {ergonomic}

Logging:
Log output configuration:
 #0: stdout all=warning uptime,level,tags
 #1: stderr all=off uptime,level,tags

Environment Variables:
PATH=C:\Program Files\Common Files\Oracle\Java\javapath;C:\Python310\Scripts\;C:\Python310\;C:\WINDOWS\system32;C:\WINDOWS;C:\WINDOWS\System32\Wbem;C:\WINDOWS\System32\WindowsPowerShell\v1.0\;C:\WINDOWS\System32\OpenSSH\;C:\ProgramData\chocolatey\bin;C:\Program Files\Git\cmd;C:\Program Files\MySQL\MySQL Server 8.0\bin;C:\Program Files\dotnet\;C:\Program Files\Go\bin;C:\Users\pc\AppData\Roaming\nvm;C:\Program Files\nodejs;C:\Users\pc\AppData\Local\Microsoft\WindowsApps;C:\Users\pc\AppData\Local\Programs\Microsoft VS Code\bin;C:\Users\pc\AppData\Roaming\npm;C:\Users\pc\AppData\Local\atom\bin;C:\Users\pc\.dotnet\tools;C:\Users\pc\go\bin;C:\Users\pc\AppData\Roaming\nvm;C:\Program Files\nodejs
USERNAME=pc
OS=Windows_NT
PROCESSOR_IDENTIFIER=Intel64 Family 6 Model 142 Stepping 10, GenuineIntel



---------------  S Y S T E M  ---------------

OS:
 Windows 10 , 64 bit Build 19041 (10.0.19041.1889)
OS uptime: 22 days 6:14 hours

CPU: total 8 (initial active 8) (4 cores per cpu, 2 threads per core) family 6 model 142 stepping 10 microcode 0xb4, cx8, cmov, fxsr, ht, mmx, 3dnowpref, sse, sse2, sse3, ssse3, sse4.1, sse4.2, popcnt, lzcnt, tsc, tscinvbit, avx, avx2, aes, erms, clmul, bmi1, bmi2, adx, fma, vzeroupper, clflush, clflushopt

Memory: 4k page, system-wide physical 12174M (495M free)
TotalPageFile size 40645M (AvailPageFile size 235M)
current process WorkingSet (physical memory assigned to process): 275M, peak: 275M
current process commit charge ("private bytes"): 333M, peak: 653M

vm_info: OpenJDK 64-Bit Server VM (17.0.3+7) for windows-amd64 JRE (17.0.3+7), built on Apr 19 2022 16:55:35 by "" with MS VC++ 16.7 (VS2019)

END.
