#
# There is insufficient memory for the Java Runtime Environment to continue.
# Native memory allocation (mmap) failed to map 335544320 bytes for G1 virtual space
# Possible reasons:
#   The system is out of physical RAM or swap space
#   The process is running with CompressedOops enabled, and the Java Heap may be blocking the growth of the native heap
# Possible solutions:
#   Reduce memory load on the system
#   Increase physical memory or swap space
#   Check if swap backing store is full
#   Decrease Java heap size (-Xmx/-Xms)
#   Decrease number of Java threads
#   Decrease Java thread stack sizes (-Xss)
#   Set larger code cache with -XX:ReservedCodeCacheSize=
#   JVM is running with Zero Based Compressed Oops mode in which the Java heap is
#     placed in the first 32GB address space. The Java Heap base address is the
#     maximum limit for the native heap growth. Please use -XX:HeapBaseMinAddress
#     to set the Java Heap base and to place the Java Heap above 32GB virtual address.
# This output file may be truncated or incomplete.
#
#  Out of Memory Error (os_windows.cpp:3535), pid=27852, tid=9268
#
# JRE version: OpenJDK Runtime Environment Temurin-17.0.3+7 (17.0.3+7) (build 17.0.3+7)
# Java VM: OpenJDK 64-Bit Server VM Temurin-17.0.3+7 (17.0.3+7, mixed mode, emulated-client, tiered, compressed oops, compressed class ptrs, g1 gc, windows-amd64)
# No core dump will be written. Minidumps are not enabled by default on client versions of Windows
#

---------------  S U M M A R Y ------------

Command Line: -Dsts.lsp.client=vscode -Dsts.log.file=/dev/null -XX:TieredStopAtLevel=1 -Dspring.config.location=file:c:\Users\pc\.vscode\extensions\pivotal.vscode-spring-boot-1.38.0\language-server\BOOT-INF\classes\application.properties org.springframework.ide.vscode.boot.app.BootLanguageServerBootApp

Host: Intel(R) Core(TM) i5-8250U CPU @ 1.60GHz, 8 cores, 11G,  Windows 10 , 64 bit Build 19041 (10.0.19041.1889)
Time: Thu Sep  1 15:29:11 2022 Hora est. Pacífico, Sudamérica elapsed time: 11.838316 seconds (0d 0h 0m 11s)

---------------  T H R E A D  ---------------

Current thread (0x00000269a5b6bc00):  VMThread "VM Thread" [stack: 0x0000007218e00000,0x0000007218f00000] [id=9268]

Stack: [0x0000007218e00000,0x0000007218f00000]
Native frames: (J=compiled Java code, j=interpreted, Vv=VM code, C=native code)
V  [jvm.dll+0x675efa]
V  [jvm.dll+0x830a24]
V  [jvm.dll+0x8321ce]
V  [jvm.dll+0x832833]
V  [jvm.dll+0x2454b5]
V  [jvm.dll+0x672de9]
V  [jvm.dll+0x667732]
V  [jvm.dll+0x3043ab]
V  [jvm.dll+0x30b8f6]
V  [jvm.dll+0x35b62e]
V  [jvm.dll+0x35b85f]
V  [jvm.dll+0x2db248]
V  [jvm.dll+0x2d94fc]
V  [jvm.dll+0x2d8acc]
V  [jvm.dll+0x31ca2b]
V  [jvm.dll+0x836cdb]
V  [jvm.dll+0x837a14]
V  [jvm.dll+0x837f2c]
V  [jvm.dll+0x838304]
V  [jvm.dll+0x8383d0]
V  [jvm.dll+0x7e0cfa]
V  [jvm.dll+0x674d85]
C  [ucrtbase.dll+0x21bb2]
C  [KERNEL32.DLL+0x17034]
C  [ntdll.dll+0x52651]

VM_Operation (0x000000721b2fe350): G1CollectForAllocation, mode: safepoint, requested by thread 0x00000269a8564cc0


---------------  P R O C E S S  ---------------

Threads class SMR info:
_java_thread_list=0x00000269a7e19470, length=42, elements={
0x00000269a5b81380, 0x00000269a5b821f0, 0x00000269a6431130, 0x00000269a6433bf0,
0x00000269a64355b0, 0x00000269a643df70, 0x00000269a6441e20, 0x00000269a6442810,
0x00000269a6642d90, 0x00000269a6657010, 0x00000269a6f9c980, 0x00000269a6fdc760,
0x00000269a8418880, 0x00000269a853bba0, 0x00000269a853c070, 0x00000269a853f630,
0x00000269a853fb00, 0x00000269a855d430, 0x00000269a8562fe0, 0x00000269a8565660,
0x00000269a8565b30, 0x00000269a85634b0, 0x00000269a8563980, 0x00000269a8564320,
0x00000269a85647f0, 0x00000269a8562170, 0x00000269a8564cc0, 0x00000269a8562640,
0x00000269a8565190, 0x00000269a8562b10, 0x00000269a8563e50, 0x00000269aa1e1530,
0x00000269aa1e4ef0, 0x00000269aa1e1a00, 0x00000269aa1e1060, 0x00000269aa1e4550,
0x00000269aa1e4a20, 0x00000269aa1e6bd0, 0x00000269aa1e5890, 0x00000269aa1e36e0,
0x00000269aa1e70a0, 0x00000269a89931c0
}

Java Threads: ( => current thread )
  0x00000269a5b81380 JavaThread "Reference Handler" daemon [_thread_blocked, id=3008, stack(0x0000007218f00000,0x0000007219000000)]
  0x00000269a5b821f0 JavaThread "Finalizer" daemon [_thread_blocked, id=9124, stack(0x0000007219000000,0x0000007219100000)]
  0x00000269a6431130 JavaThread "Signal Dispatcher" daemon [_thread_blocked, id=16968, stack(0x0000007219100000,0x0000007219200000)]
  0x00000269a6433bf0 JavaThread "Attach Listener" daemon [_thread_blocked, id=11700, stack(0x0000007219200000,0x0000007219300000)]
  0x00000269a64355b0 JavaThread "Service Thread" daemon [_thread_blocked, id=10728, stack(0x0000007219300000,0x0000007219400000)]
  0x00000269a643df70 JavaThread "Monitor Deflation Thread" daemon [_thread_blocked, id=17940, stack(0x0000007219400000,0x0000007219500000)]
  0x00000269a6441e20 JavaThread "C1 CompilerThread0" daemon [_thread_blocked, id=25916, stack(0x0000007219500000,0x0000007219600000)]
  0x00000269a6442810 JavaThread "Sweeper thread" daemon [_thread_blocked, id=2296, stack(0x0000007219600000,0x0000007219700000)]
  0x00000269a6642d90 JavaThread "Notification Thread" daemon [_thread_blocked, id=24012, stack(0x0000007219800000,0x0000007219900000)]
  0x00000269a6657010 JavaThread "Common-Cleaner" daemon [_thread_blocked, id=26764, stack(0x0000007219a00000,0x0000007219b00000)]
  0x00000269a6f9c980 JavaThread "C1 CompilerThread1" daemon [_thread_blocked, id=19060, stack(0x0000007219700000,0x0000007219800000)]
  0x00000269a6fdc760 JavaThread "C1 CompilerThread2" daemon [_thread_blocked, id=4276, stack(0x0000007219b00000,0x0000007219c00000)]
  0x00000269a8418880 JavaThread "ForkJoinPool.commonPool-worker-1" daemon [_thread_blocked, id=22896, stack(0x0000007219c00000,0x0000007219d00000)]
  0x00000269a853bba0 JavaThread "ClassGraph-worker-0" daemon [_thread_blocked, id=8996, stack(0x000000721a200000,0x000000721a300000)]
  0x00000269a853c070 JavaThread "ClassGraph-worker-1" daemon [_thread_blocked, id=20300, stack(0x000000721a600000,0x000000721a700000)]
  0x00000269a853f630 JavaThread "ClassGraph-worker-2" daemon [_thread_blocked, id=27652, stack(0x000000721a700000,0x000000721a800000)]
  0x00000269a853fb00 JavaThread "ClassGraph-worker-3" daemon [_thread_blocked, id=26048, stack(0x000000721a800000,0x000000721a900000)]
  0x00000269a855d430 JavaThread "ClassGraph-worker-4" daemon [_thread_blocked, id=30492, stack(0x000000721a900000,0x000000721aa00000)]
  0x00000269a8562fe0 JavaThread "ClassGraph-worker-5" daemon [_thread_blocked, id=15972, stack(0x000000721aa00000,0x000000721ab00000)]
  0x00000269a8565660 JavaThread "ClassGraph-worker-6" daemon [_thread_blocked, id=4956, stack(0x000000721ab00000,0x000000721ac00000)]
  0x00000269a8565b30 JavaThread "ClassGraph-worker-7" daemon [_thread_blocked, id=26684, stack(0x000000721ac00000,0x000000721ad00000)]
  0x00000269a85634b0 JavaThread "ClassGraph-worker-8" daemon [_thread_blocked, id=7024, stack(0x000000721ad00000,0x000000721ae00000)]
  0x00000269a8563980 JavaThread "ClassGraph-worker-9" daemon [_thread_blocked, id=27372, stack(0x000000721ae00000,0x000000721af00000)]
  0x00000269a8564320 JavaThread "ClassGraph-worker-10" daemon [_thread_blocked, id=29176, stack(0x000000721af00000,0x000000721b000000)]
  0x00000269a85647f0 JavaThread "ClassGraph-worker-11" daemon [_thread_blocked, id=24956, stack(0x000000721b000000,0x000000721b100000)]
  0x00000269a8562170 JavaThread "ClassGraph-worker-12" daemon [_thread_blocked, id=1220, stack(0x000000721b100000,0x000000721b200000)]
  0x00000269a8564cc0 JavaThread "ClassGraph-worker-13" daemon [_thread_blocked, id=4808, stack(0x000000721b200000,0x000000721b300000)]
  0x00000269a8562640 JavaThread "pool-7-thread-1" [_thread_blocked, id=1984, stack(0x000000721b300000,0x000000721b400000)]
  0x00000269a8565190 JavaThread "LanguageServerApp-lifecycle" [_thread_blocked, id=28776, stack(0x000000721b400000,0x000000721b500000)]
  0x00000269a8562b10 JavaThread "DestroyJavaVM" [_thread_blocked, id=15324, stack(0x0000007218800000,0x0000007218900000)]
  0x00000269a8563e50 JavaThread "pool-8-thread-1" [_thread_in_native, id=26632, stack(0x000000721b600000,0x000000721b700000)]
  0x00000269aa1e1530 JavaThread "Simple-Language-Server main thread" daemon [_thread_blocked, id=12636, stack(0x000000721b700000,0x000000721b800000)]
  0x00000269aa1e4ef0 JavaThread "pool-5-thread-1" [_thread_blocked, id=10208, stack(0x000000721b800000,0x000000721b900000)]
  0x00000269aa1e1a00 JavaThread "parallel-1" daemon [_thread_blocked, id=10372, stack(0x000000721b900000,0x000000721ba00000)]
  0x00000269aa1e1060 JavaThread "parallel-2" daemon [_thread_blocked, id=30240, stack(0x000000721ba00000,0x000000721bb00000)]
  0x00000269aa1e4550 JavaThread "parallel-3" daemon [_thread_blocked, id=9916, stack(0x000000721bb00000,0x000000721bc00000)]
  0x00000269aa1e4a20 JavaThread "parallel-4" daemon [_thread_blocked, id=31792, stack(0x000000721bc00000,0x000000721bd00000)]
  0x00000269aa1e6bd0 JavaThread "parallel-5" daemon [_thread_blocked, id=19932, stack(0x000000721bd00000,0x000000721be00000)]
  0x00000269aa1e5890 JavaThread "parallel-6" daemon [_thread_blocked, id=23700, stack(0x000000721be00000,0x000000721bf00000)]
  0x00000269aa1e36e0 JavaThread "Reconciler-1" daemon [_thread_blocked, id=10772, stack(0x000000721bf00000,0x000000721c000000)]
  0x00000269aa1e70a0 JavaThread "parallel-7" daemon [_thread_blocked, id=11392, stack(0x000000721c000000,0x000000721c100000)]
  0x00000269a89931c0 JavaThread "C1 CompilerThread3" daemon [_thread_blocked, id=10244, stack(0x000000721c100000,0x000000721c200000)]

Other Threads:
=>0x00000269a5b6bc00 VMThread "VM Thread" [stack: 0x0000007218e00000,0x0000007218f00000] [id=9268]
  0x000002699624b230 WatcherThread [stack: 0x0000007219900000,0x0000007219a00000] [id=18200]
  0x0000026996232460 GCTaskThread "GC Thread#0" [stack: 0x0000007218900000,0x0000007218a00000] [id=32716]
  0x00000269a6ffa3d0 GCTaskThread "GC Thread#1" [stack: 0x0000007219d00000,0x0000007219e00000] [id=20620]
  0x00000269a6ffa680 GCTaskThread "GC Thread#2" [stack: 0x0000007219e00000,0x0000007219f00000] [id=21800]
  0x00000269a6ffa930 GCTaskThread "GC Thread#3" [stack: 0x0000007219f00000,0x000000721a000000] [id=33196]
  0x00000269a700d790 GCTaskThread "GC Thread#4" [stack: 0x000000721a000000,0x000000721a100000] [id=12760]
  0x00000269a70a25f0 GCTaskThread "GC Thread#5" [stack: 0x000000721a100000,0x000000721a200000] [id=18464]
  0x00000269a7dbcf70 GCTaskThread "GC Thread#6" [stack: 0x000000721a300000,0x000000721a400000] [id=25292]
  0x00000269a7dbd220 GCTaskThread "GC Thread#7" [stack: 0x000000721a400000,0x000000721a500000] [id=32684]
  0x00000269962401f0 ConcurrentGCThread "G1 Main Marker" [stack: 0x0000007218a00000,0x0000007218b00000] [id=23296]
  0x00000269962423b0 ConcurrentGCThread "G1 Conc#0" [stack: 0x0000007218b00000,0x0000007218c00000] [id=29556]
  0x00000269a7eab400 ConcurrentGCThread "G1 Conc#1" [stack: 0x000000721a500000,0x000000721a600000] [id=16976]
  0x0000026996299020 ConcurrentGCThread "G1 Refine#0" [stack: 0x0000007218c00000,0x0000007218d00000] [id=29916]
  0x00000269a81bc510 ConcurrentGCThread "G1 Refine#1" [stack: 0x000000721b500000,0x000000721b600000] [id=30060]
  0x0000026996299a40 ConcurrentGCThread "G1 Service" [stack: 0x0000007218d00000,0x0000007218e00000] [id=25992]

Threads with active compile tasks:

VM state: at safepoint (normal execution)

VM Mutex/Monitor currently owned by a thread:  ([mutex/lock_event])
[0x0000026993f9dfb0] Threads_lock - owner thread: 0x00000269a5b6bc00
[0x00000269961d63b0] Heap_lock - owner thread: 0x00000269a8564cc0

Heap address: 0x0000000741c00000, size: 3044 MB, Compressed Oops mode: Zero based, Oop shift amount: 3

CDS archive(s) not mapped
Compressed class space mapped at: 0x0000000800000000-0x0000000840000000, reserved size: 1073741824
Narrow klass base: 0x0000000800000000, Narrow klass shift: 0, Narrow klass range: 0x40000000

GC Precious Log:
 CPUs: 8 total, 8 available
 Memory: 12174M
 Large Page Support: Disabled
 NUMA Support: Disabled
 Compressed Oops: Enabled (Zero based)
 Heap Region Size: 2M
 Heap Min Capacity: 8M
 Heap Initial Capacity: 192M
 Heap Max Capacity: 3044M
 Pre-touch: Disabled
 Parallel Workers: 8
 Concurrent Workers: 2
 Concurrent Refinement Workers: 8
 Periodic GC: Disabled

Heap:
 garbage-first heap   total 327680K, used 97021K [0x0000000741c00000, 0x0000000800000000)
  region size 2048K, 7 young (14336K), 7 survivors (14336K)
 Metaspace       used 35071K, committed 35392K, reserved 1081344K
  class space    used 4567K, committed 4736K, reserved 1048576K

Heap Regions: E=young(eden), S=young(survivor), O=old, HS=humongous(starts), HC=humongous(continues), CS=collection set, F=free, OA=open archive, CA=closed archive, TAMS=top-at-mark-start (previous, next)
|   0|0x0000000741c00000, 0x0000000741e00000, 0x0000000741e00000|100%| O|  |TAMS 0x0000000741e00000, 0x0000000741c00000| Untracked 
|   1|0x0000000741e00000, 0x0000000742000000, 0x0000000742000000|100%| O|  |TAMS 0x0000000742000000, 0x0000000741e00000| Untracked 
|   2|0x0000000742000000, 0x0000000742200000, 0x0000000742200000|100%| O|  |TAMS 0x0000000742200000, 0x0000000742000000| Untracked 
|   3|0x0000000742200000, 0x0000000742400000, 0x0000000742400000|100%| O|  |TAMS 0x0000000742400000, 0x0000000742200000| Untracked 
|   4|0x0000000742400000, 0x0000000742600000, 0x0000000742600000|100%| O|  |TAMS 0x0000000742600000, 0x0000000742400000| Untracked 
|   5|0x0000000742600000, 0x0000000742800000, 0x0000000742800000|100%| O|  |TAMS 0x0000000742800000, 0x0000000742600000| Untracked 
|   6|0x0000000742800000, 0x0000000742a00000, 0x0000000742a00000|100%| O|  |TAMS 0x0000000742a00000, 0x0000000742800000| Untracked 
|   7|0x0000000742a00000, 0x0000000742c00000, 0x0000000742c00000|100%| O|  |TAMS 0x0000000742c00000, 0x0000000742a00000| Untracked 
|   8|0x0000000742c00000, 0x0000000742e00000, 0x0000000742e00000|100%| O|  |TAMS 0x0000000742e00000, 0x0000000742c00000| Untracked 
|   9|0x0000000742e00000, 0x0000000743000000, 0x0000000743000000|100%| O|  |TAMS 0x0000000743000000, 0x0000000742e00000| Untracked 
|  10|0x0000000743000000, 0x0000000743200000, 0x0000000743200000|100%| O|  |TAMS 0x0000000743200000, 0x0000000743000000| Untracked 
|  11|0x0000000743200000, 0x0000000743400000, 0x0000000743400000|100%| O|  |TAMS 0x0000000743400000, 0x0000000743200000| Untracked 
|  12|0x0000000743400000, 0x0000000743600000, 0x0000000743600000|100%| O|  |TAMS 0x0000000743600000, 0x0000000743400000| Untracked 
|  13|0x0000000743600000, 0x0000000743800000, 0x0000000743800000|100%| O|  |TAMS 0x0000000743800000, 0x0000000743600000| Untracked 
|  14|0x0000000743800000, 0x0000000743a00000, 0x0000000743a00000|100%| O|  |TAMS 0x0000000743a00000, 0x0000000743800000| Untracked 
|  15|0x0000000743a00000, 0x0000000743c00000, 0x0000000743c00000|100%| O|  |TAMS 0x0000000743c00000, 0x0000000743a00000| Untracked 
|  16|0x0000000743c00000, 0x0000000743e00000, 0x0000000743e00000|100%| O|  |TAMS 0x0000000743e00000, 0x0000000743c00000| Untracked 
|  17|0x0000000743e00000, 0x0000000744000000, 0x0000000744000000|100%| O|  |TAMS 0x0000000744000000, 0x0000000743e00000| Untracked 
|  18|0x0000000744000000, 0x0000000744200000, 0x0000000744200000|100%| O|  |TAMS 0x0000000744094c00, 0x0000000744000000| Untracked 
|  19|0x0000000744200000, 0x0000000744400000, 0x0000000744400000|100%| O|  |TAMS 0x0000000744200000, 0x0000000744200000| Untracked 
|  20|0x0000000744400000, 0x0000000744549200, 0x0000000744600000| 64%| O|  |TAMS 0x0000000744400000, 0x0000000744400000| Untracked 
|  21|0x0000000744600000, 0x0000000744800000, 0x0000000744800000|100%| O|  |TAMS 0x0000000744600000, 0x0000000744600000| Untracked 
|  22|0x0000000744800000, 0x0000000744a00000, 0x0000000744a00000|100%| O|  |TAMS 0x0000000744800000, 0x0000000744800000| Untracked 
|  23|0x0000000744a00000, 0x0000000744c00000, 0x0000000744c00000|100%| O|  |TAMS 0x0000000744a00000, 0x0000000744a00000| Untracked 
|  24|0x0000000744c00000, 0x0000000744e00000, 0x0000000744e00000|100%| O|  |TAMS 0x0000000744c00000, 0x0000000744c00000| Untracked 
|  25|0x0000000744e00000, 0x0000000745000000, 0x0000000745000000|100%| O|  |TAMS 0x0000000744e00000, 0x0000000744e00000| Untracked 
|  26|0x0000000745000000, 0x0000000745200000, 0x0000000745200000|100%| O|  |TAMS 0x0000000745000000, 0x0000000745000000| Untracked 
|  27|0x0000000745200000, 0x0000000745400000, 0x0000000745400000|100%| O|  |TAMS 0x0000000745200000, 0x0000000745200000| Untracked 
|  28|0x0000000745400000, 0x0000000745600000, 0x0000000745600000|100%| O|  |TAMS 0x0000000745400000, 0x0000000745400000| Untracked 
|  29|0x0000000745600000, 0x0000000745800000, 0x0000000745800000|100%| O|  |TAMS 0x0000000745600000, 0x0000000745600000| Untracked 
|  30|0x0000000745800000, 0x0000000745a00000, 0x0000000745a00000|100%| O|  |TAMS 0x0000000745800000, 0x0000000745800000| Untracked 
|  31|0x0000000745a00000, 0x0000000745c00000, 0x0000000745c00000|100%| O|  |TAMS 0x0000000745a00000, 0x0000000745a00000| Untracked 
|  32|0x0000000745c00000, 0x0000000745e00000, 0x0000000745e00000|100%| O|  |TAMS 0x0000000745c00000, 0x0000000745c00000| Untracked 
|  33|0x0000000745e00000, 0x0000000746000000, 0x0000000746000000|100%| O|  |TAMS 0x0000000745e00000, 0x0000000745e00000| Untracked 
|  34|0x0000000746000000, 0x0000000746200000, 0x0000000746200000|100%| O|  |TAMS 0x0000000746000000, 0x0000000746000000| Untracked 
|  35|0x0000000746200000, 0x0000000746400000, 0x0000000746400000|100%| O|  |TAMS 0x0000000746200000, 0x0000000746200000| Untracked 
|  36|0x0000000746400000, 0x0000000746600000, 0x0000000746600000|100%| O|  |TAMS 0x0000000746400000, 0x0000000746400000| Untracked 
|  37|0x0000000746600000, 0x0000000746800000, 0x0000000746800000|100%| O|  |TAMS 0x0000000746600000, 0x0000000746600000| Untracked 
|  38|0x0000000746800000, 0x0000000746a00000, 0x0000000746a00000|100%| O|  |TAMS 0x0000000746800000, 0x0000000746800000| Untracked 
|  39|0x0000000746a00000, 0x0000000746c00000, 0x0000000746c00000|100%| O|  |TAMS 0x0000000746a00000, 0x0000000746a00000| Untracked 
|  40|0x0000000746c00000, 0x0000000746d76400, 0x0000000746e00000| 73%| O|  |TAMS 0x0000000746c00000, 0x0000000746c00000| Untracked 
|  41|0x0000000746e00000, 0x0000000746e00000, 0x0000000747000000|  0%| F|  |TAMS 0x0000000746e00000, 0x0000000746e00000| Untracked 
|  42|0x0000000747000000, 0x0000000747000000, 0x0000000747200000|  0%| F|  |TAMS 0x0000000747000000, 0x0000000747000000| Untracked 
|  43|0x0000000747200000, 0x0000000747200000, 0x0000000747400000|  0%| F|  |TAMS 0x0000000747200000, 0x0000000747200000| Untracked 
|  44|0x0000000747400000, 0x0000000747400000, 0x0000000747600000|  0%| F|  |TAMS 0x0000000747400000, 0x0000000747400000| Untracked 
|  45|0x0000000747600000, 0x0000000747600000, 0x0000000747800000|  0%| F|  |TAMS 0x0000000747600000, 0x0000000747600000| Untracked 
|  46|0x0000000747800000, 0x0000000747800000, 0x0000000747a00000|  0%| F|  |TAMS 0x0000000747800000, 0x0000000747800000| Untracked 
|  47|0x0000000747a00000, 0x0000000747a00000, 0x0000000747c00000|  0%| F|  |TAMS 0x0000000747a00000, 0x0000000747a00000| Untracked 
|  48|0x0000000747c00000, 0x0000000747c00000, 0x0000000747e00000|  0%| F|  |TAMS 0x0000000747c00000, 0x0000000747c00000| Untracked 
|  49|0x0000000747e00000, 0x0000000747e00000, 0x0000000748000000|  0%| F|  |TAMS 0x0000000747e00000, 0x0000000747e00000| Untracked 
|  50|0x0000000748000000, 0x0000000748000000, 0x0000000748200000|  0%| F|  |TAMS 0x0000000748000000, 0x0000000748000000| Untracked 
|  51|0x0000000748200000, 0x0000000748200000, 0x0000000748400000|  0%| F|  |TAMS 0x0000000748200000, 0x0000000748200000| Untracked 
|  52|0x0000000748400000, 0x0000000748400000, 0x0000000748600000|  0%| F|  |TAMS 0x0000000748400000, 0x0000000748400000| Untracked 
|  53|0x0000000748600000, 0x0000000748600000, 0x0000000748800000|  0%| F|  |TAMS 0x0000000748600000, 0x0000000748600000| Untracked 
|  54|0x0000000748800000, 0x0000000748800000, 0x0000000748a00000|  0%| F|  |TAMS 0x0000000748800000, 0x0000000748800000| Untracked 
|  55|0x0000000748a00000, 0x0000000748a00000, 0x0000000748c00000|  0%| F|  |TAMS 0x0000000748a00000, 0x0000000748a00000| Untracked 
|  56|0x0000000748c00000, 0x0000000748c00000, 0x0000000748e00000|  0%| F|  |TAMS 0x0000000748c00000, 0x0000000748c00000| Untracked 
|  57|0x0000000748e00000, 0x0000000748e00000, 0x0000000749000000|  0%| F|  |TAMS 0x0000000748e00000, 0x0000000748e00000| Untracked 
|  58|0x0000000749000000, 0x0000000749000000, 0x0000000749200000|  0%| F|  |TAMS 0x0000000749000000, 0x0000000749000000| Untracked 
|  59|0x0000000749200000, 0x0000000749200000, 0x0000000749400000|  0%| F|  |TAMS 0x0000000749200000, 0x0000000749200000| Untracked 
|  60|0x0000000749400000, 0x0000000749600000, 0x0000000749600000|100%| S|CS|TAMS 0x0000000749400000, 0x0000000749400000| Complete 
|  61|0x0000000749600000, 0x0000000749800000, 0x0000000749800000|100%| S|CS|TAMS 0x0000000749600000, 0x0000000749600000| Complete 
|  62|0x0000000749800000, 0x0000000749800000, 0x0000000749a00000|  0%| F|  |TAMS 0x0000000749800000, 0x0000000749800000| Untracked 
|  63|0x0000000749a00000, 0x0000000749a00000, 0x0000000749c00000|  0%| F|  |TAMS 0x0000000749a00000, 0x0000000749a00000| Untracked 
|  64|0x0000000749c00000, 0x0000000749c00000, 0x0000000749e00000|  0%| F|  |TAMS 0x0000000749c00000, 0x0000000749c00000| Untracked 
|  65|0x0000000749e00000, 0x0000000749e00000, 0x000000074a000000|  0%| F|  |TAMS 0x0000000749e00000, 0x0000000749e00000| Untracked 
|  66|0x000000074a000000, 0x000000074a000000, 0x000000074a200000|  0%| F|  |TAMS 0x000000074a000000, 0x000000074a000000| Untracked 
|  67|0x000000074a200000, 0x000000074a200000, 0x000000074a400000|  0%| F|  |TAMS 0x000000074a200000, 0x000000074a200000| Untracked 
|  68|0x000000074a400000, 0x000000074a600000, 0x000000074a600000|100%| S|CS|TAMS 0x000000074a400000, 0x000000074a400000| Complete 
|  69|0x000000074a600000, 0x000000074a800000, 0x000000074a800000|100%| S|CS|TAMS 0x000000074a600000, 0x000000074a600000| Complete 
|  70|0x000000074a800000, 0x000000074aa00000, 0x000000074aa00000|100%| S|CS|TAMS 0x000000074a800000, 0x000000074a800000| Complete 
|  71|0x000000074aa00000, 0x000000074ac00000, 0x000000074ac00000|100%| S|CS|TAMS 0x000000074aa00000, 0x000000074aa00000| Complete 
|  72|0x000000074ac00000, 0x000000074ac00000, 0x000000074ae00000|  0%| F|  |TAMS 0x000000074ac00000, 0x000000074ac00000| Untracked 
|  73|0x000000074ae00000, 0x000000074ae00000, 0x000000074b000000|  0%| F|  |TAMS 0x000000074ae00000, 0x000000074ae00000| Untracked 
|  74|0x000000074b000000, 0x000000074b200000, 0x000000074b200000|100%| S|CS|TAMS 0x000000074b000000, 0x000000074b000000| Complete 
|  75|0x000000074b200000, 0x000000074b200000, 0x000000074b400000|  0%| F|  |TAMS 0x000000074b200000, 0x000000074b200000| Untracked 
|  76|0x000000074b400000, 0x000000074b400000, 0x000000074b600000|  0%| F|  |TAMS 0x000000074b400000, 0x000000074b400000| Untracked 
|  77|0x000000074b600000, 0x000000074b600000, 0x000000074b800000|  0%| F|  |TAMS 0x000000074b600000, 0x000000074b600000| Untracked 
|  78|0x000000074b800000, 0x000000074b800000, 0x000000074ba00000|  0%| F|  |TAMS 0x000000074b800000, 0x000000074b800000| Untracked 
|  79|0x000000074ba00000, 0x000000074ba00000, 0x000000074bc00000|  0%| F|  |TAMS 0x000000074ba00000, 0x000000074ba00000| Untracked 
|  80|0x000000074bc00000, 0x000000074bc00000, 0x000000074be00000|  0%| F|  |TAMS 0x000000074bc00000, 0x000000074bc00000| Untracked 
|  81|0x000000074be00000, 0x000000074be00000, 0x000000074c000000|  0%| F|  |TAMS 0x000000074be00000, 0x000000074be00000| Untracked 
|  82|0x000000074c000000, 0x000000074c000000, 0x000000074c200000|  0%| F|  |TAMS 0x000000074c000000, 0x000000074c000000| Untracked 
|  83|0x000000074c200000, 0x000000074c200000, 0x000000074c400000|  0%| F|  |TAMS 0x000000074c200000, 0x000000074c200000| Untracked 
|  84|0x000000074c400000, 0x000000074c400000, 0x000000074c600000|  0%| F|  |TAMS 0x000000074c400000, 0x000000074c400000| Untracked 
|  85|0x000000074c600000, 0x000000074c600000, 0x000000074c800000|  0%| F|  |TAMS 0x000000074c600000, 0x000000074c600000| Untracked 
|  86|0x000000074c800000, 0x000000074c800000, 0x000000074ca00000|  0%| F|  |TAMS 0x000000074c800000, 0x000000074c800000| Untracked 
|  87|0x000000074ca00000, 0x000000074ca00000, 0x000000074cc00000|  0%| F|  |TAMS 0x000000074ca00000, 0x000000074ca00000| Untracked 
|  88|0x000000074cc00000, 0x000000074cc00000, 0x000000074ce00000|  0%| F|  |TAMS 0x000000074cc00000, 0x000000074cc00000| Untracked 
|  89|0x000000074ce00000, 0x000000074ce00000, 0x000000074d000000|  0%| F|  |TAMS 0x000000074ce00000, 0x000000074ce00000| Untracked 
|  90|0x000000074d000000, 0x000000074d000000, 0x000000074d200000|  0%| F|  |TAMS 0x000000074d000000, 0x000000074d000000| Untracked 
|  91|0x000000074d200000, 0x000000074d200000, 0x000000074d400000|  0%| F|  |TAMS 0x000000074d200000, 0x000000074d200000| Untracked 
|  92|0x000000074d400000, 0x000000074d400000, 0x000000074d600000|  0%| F|  |TAMS 0x000000074d400000, 0x000000074d400000| Untracked 
|  93|0x000000074d600000, 0x000000074d600000, 0x000000074d800000|  0%| F|  |TAMS 0x000000074d600000, 0x000000074d600000| Untracked 
|  94|0x000000074d800000, 0x000000074d800000, 0x000000074da00000|  0%| F|  |TAMS 0x000000074d800000, 0x000000074d800000| Untracked 
|  95|0x000000074da00000, 0x000000074da00000, 0x000000074dc00000|  0%| F|  |TAMS 0x000000074da00000, 0x000000074da00000| Untracked 
|  96|0x000000074dc00000, 0x000000074dc00000, 0x000000074de00000|  0%| F|  |TAMS 0x000000074dc00000, 0x000000074dc00000| Untracked 
|  97|0x000000074de00000, 0x000000074de00000, 0x000000074e000000|  0%| F|  |TAMS 0x000000074de00000, 0x000000074de00000| Untracked 
|  98|0x000000074e000000, 0x000000074e000000, 0x000000074e200000|  0%| F|  |TAMS 0x000000074e000000, 0x000000074e000000| Untracked 
|  99|0x000000074e200000, 0x000000074e200000, 0x000000074e400000|  0%| F|  |TAMS 0x000000074e200000, 0x000000074e200000| Untracked 
| 100|0x000000074e400000, 0x000000074e400000, 0x000000074e600000|  0%| F|  |TAMS 0x000000074e400000, 0x000000074e400000| Untracked 
| 101|0x000000074e600000, 0x000000074e600000, 0x000000074e800000|  0%| F|  |TAMS 0x000000074e600000, 0x000000074e600000| Untracked 
| 102|0x000000074e800000, 0x000000074e800000, 0x000000074ea00000|  0%| F|  |TAMS 0x000000074e800000, 0x000000074e800000| Untracked 
| 103|0x000000074ea00000, 0x000000074ea00000, 0x000000074ec00000|  0%| F|  |TAMS 0x000000074ea00000, 0x000000074ea00000| Untracked 
| 104|0x000000074ec00000, 0x000000074ec00000, 0x000000074ee00000|  0%| F|  |TAMS 0x000000074ec00000, 0x000000074ec00000| Untracked 
| 105|0x000000074ee00000, 0x000000074ee00000, 0x000000074f000000|  0%| F|  |TAMS 0x000000074ee00000, 0x000000074ee00000| Untracked 
| 106|0x000000074f000000, 0x000000074f000000, 0x000000074f200000|  0%| F|  |TAMS 0x000000074f000000, 0x000000074f000000| Untracked 
| 107|0x000000074f200000, 0x000000074f200000, 0x000000074f400000|  0%| F|  |TAMS 0x000000074f200000, 0x000000074f200000| Untracked 
| 108|0x000000074f400000, 0x000000074f400000, 0x000000074f600000|  0%| F|  |TAMS 0x000000074f400000, 0x000000074f400000| Untracked 
| 109|0x000000074f600000, 0x000000074f600000, 0x000000074f800000|  0%| F|  |TAMS 0x000000074f600000, 0x000000074f600000| Untracked 
| 110|0x000000074f800000, 0x000000074f800000, 0x000000074fa00000|  0%| F|  |TAMS 0x000000074f800000, 0x000000074f800000| Untracked 
| 111|0x000000074fa00000, 0x000000074fa00000, 0x000000074fc00000|  0%| F|  |TAMS 0x000000074fa00000, 0x000000074fa00000| Untracked 
| 112|0x000000074fc00000, 0x000000074fc00000, 0x000000074fe00000|  0%| F|  |TAMS 0x000000074fc00000, 0x000000074fc00000| Untracked 
| 113|0x000000074fe00000, 0x000000074fe00000, 0x0000000750000000|  0%| F|  |TAMS 0x000000074fe00000, 0x000000074fe00000| Untracked 
| 114|0x0000000750000000, 0x0000000750000000, 0x0000000750200000|  0%| F|  |TAMS 0x0000000750000000, 0x0000000750000000| Untracked 
| 115|0x0000000750200000, 0x0000000750200000, 0x0000000750400000|  0%| F|  |TAMS 0x0000000750200000, 0x0000000750200000| Untracked 
| 116|0x0000000750400000, 0x0000000750400000, 0x0000000750600000|  0%| F|  |TAMS 0x0000000750400000, 0x0000000750400000| Untracked 
| 117|0x0000000750600000, 0x0000000750600000, 0x0000000750800000|  0%| F|  |TAMS 0x0000000750600000, 0x0000000750600000| Untracked 
| 118|0x0000000750800000, 0x0000000750800000, 0x0000000750a00000|  0%| F|  |TAMS 0x0000000750800000, 0x0000000750800000| Untracked 
| 119|0x0000000750a00000, 0x0000000750a00000, 0x0000000750c00000|  0%| F|  |TAMS 0x0000000750a00000, 0x0000000750a00000| Untracked 
| 120|0x0000000750c00000, 0x0000000750c00000, 0x0000000750e00000|  0%| F|  |TAMS 0x0000000750c00000, 0x0000000750c00000| Untracked 
| 121|0x0000000750e00000, 0x0000000750e00000, 0x0000000751000000|  0%| F|  |TAMS 0x0000000750e00000, 0x0000000750e00000| Untracked 
| 122|0x0000000751000000, 0x0000000751000000, 0x0000000751200000|  0%| F|  |TAMS 0x0000000751000000, 0x0000000751000000| Untracked 
| 123|0x0000000751200000, 0x0000000751200000, 0x0000000751400000|  0%| F|  |TAMS 0x0000000751200000, 0x0000000751200000| Untracked 
| 124|0x0000000751400000, 0x0000000751400000, 0x0000000751600000|  0%| F|  |TAMS 0x0000000751400000, 0x0000000751400000| Untracked 
| 125|0x0000000751600000, 0x0000000751600000, 0x0000000751800000|  0%| F|  |TAMS 0x0000000751600000, 0x0000000751600000| Untracked 
| 126|0x0000000751800000, 0x0000000751800000, 0x0000000751a00000|  0%| F|  |TAMS 0x0000000751800000, 0x0000000751800000| Untracked 
| 127|0x0000000751a00000, 0x0000000751a00000, 0x0000000751c00000|  0%| F|  |TAMS 0x0000000751a00000, 0x0000000751a00000| Untracked 
| 128|0x0000000751c00000, 0x0000000751c00000, 0x0000000751e00000|  0%| F|  |TAMS 0x0000000751c00000, 0x0000000751c00000| Untracked 
| 129|0x0000000751e00000, 0x0000000751e00000, 0x0000000752000000|  0%| F|  |TAMS 0x0000000751e00000, 0x0000000751e00000| Untracked 
| 130|0x0000000752000000, 0x0000000752000000, 0x0000000752200000|  0%| F|  |TAMS 0x0000000752000000, 0x0000000752000000| Untracked 
| 131|0x0000000752200000, 0x0000000752200000, 0x0000000752400000|  0%| F|  |TAMS 0x0000000752200000, 0x0000000752200000| Untracked 
| 132|0x0000000752400000, 0x0000000752400000, 0x0000000752600000|  0%| F|  |TAMS 0x0000000752400000, 0x0000000752400000| Untracked 
| 133|0x0000000752600000, 0x0000000752600000, 0x0000000752800000|  0%| F|  |TAMS 0x0000000752600000, 0x0000000752600000| Untracked 
| 134|0x0000000752800000, 0x0000000752800000, 0x0000000752a00000|  0%| F|  |TAMS 0x0000000752800000, 0x0000000752800000| Untracked 
| 135|0x0000000752a00000, 0x0000000752a00000, 0x0000000752c00000|  0%| F|  |TAMS 0x0000000752a00000, 0x0000000752a00000| Untracked 
| 136|0x0000000752c00000, 0x0000000752c00000, 0x0000000752e00000|  0%| F|  |TAMS 0x0000000752c00000, 0x0000000752c00000| Untracked 
| 137|0x0000000752e00000, 0x0000000752e00000, 0x0000000753000000|  0%| F|  |TAMS 0x0000000752e00000, 0x0000000752e00000| Untracked 
| 138|0x0000000753000000, 0x0000000753000000, 0x0000000753200000|  0%| F|  |TAMS 0x0000000753000000, 0x0000000753000000| Untracked 
| 139|0x0000000753200000, 0x0000000753200000, 0x0000000753400000|  0%| F|  |TAMS 0x0000000753200000, 0x0000000753200000| Untracked 
| 140|0x0000000753400000, 0x0000000753400000, 0x0000000753600000|  0%| F|  |TAMS 0x0000000753400000, 0x0000000753400000| Untracked 
| 141|0x0000000753600000, 0x0000000753600000, 0x0000000753800000|  0%| F|  |TAMS 0x0000000753600000, 0x0000000753600000| Untracked 
| 142|0x0000000753800000, 0x0000000753800000, 0x0000000753a00000|  0%| F|  |TAMS 0x0000000753800000, 0x0000000753800000| Untracked 
| 143|0x0000000753a00000, 0x0000000753a00000, 0x0000000753c00000|  0%| F|  |TAMS 0x0000000753a00000, 0x0000000753a00000| Untracked 
| 144|0x0000000753c00000, 0x0000000753c00000, 0x0000000753e00000|  0%| F|  |TAMS 0x0000000753c00000, 0x0000000753c00000| Untracked 
| 145|0x0000000753e00000, 0x0000000753e00000, 0x0000000754000000|  0%| F|  |TAMS 0x0000000753e00000, 0x0000000753e00000| Untracked 
| 146|0x0000000754000000, 0x0000000754000000, 0x0000000754200000|  0%| F|  |TAMS 0x0000000754000000, 0x0000000754000000| Untracked 
| 147|0x0000000754200000, 0x0000000754200000, 0x0000000754400000|  0%| F|  |TAMS 0x0000000754200000, 0x0000000754200000| Untracked 
| 148|0x0000000754400000, 0x0000000754400000, 0x0000000754600000|  0%| F|  |TAMS 0x0000000754400000, 0x0000000754400000| Untracked 
| 149|0x0000000754600000, 0x0000000754600000, 0x0000000754800000|  0%| F|  |TAMS 0x0000000754600000, 0x0000000754600000| Untracked 
| 150|0x0000000754800000, 0x0000000754800000, 0x0000000754a00000|  0%| F|  |TAMS 0x0000000754800000, 0x0000000754800000| Untracked 
| 151|0x0000000754a00000, 0x0000000754a00000, 0x0000000754c00000|  0%| F|  |TAMS 0x0000000754a00000, 0x0000000754a00000| Untracked 
| 152|0x0000000754c00000, 0x0000000754c00000, 0x0000000754e00000|  0%| F|  |TAMS 0x0000000754c00000, 0x0000000754c00000| Untracked 
| 153|0x0000000754e00000, 0x0000000754e00000, 0x0000000755000000|  0%| F|  |TAMS 0x0000000754e00000, 0x0000000754e00000| Untracked 
| 154|0x0000000755000000, 0x0000000755000000, 0x0000000755200000|  0%| F|  |TAMS 0x0000000755000000, 0x0000000755000000| Untracked 
| 155|0x0000000755200000, 0x0000000755200000, 0x0000000755400000|  0%| F|  |TAMS 0x0000000755200000, 0x0000000755200000| Untracked 
| 156|0x0000000755400000, 0x0000000755400000, 0x0000000755600000|  0%| F|  |TAMS 0x0000000755400000, 0x0000000755400000| Untracked 
| 157|0x0000000755600000, 0x0000000755600000, 0x0000000755800000|  0%| F|  |TAMS 0x0000000755600000, 0x0000000755600000| Untracked 
| 158|0x0000000755800000, 0x0000000755800000, 0x0000000755a00000|  0%| F|  |TAMS 0x0000000755800000, 0x0000000755800000| Untracked 
| 159|0x0000000755a00000, 0x0000000755a00000, 0x0000000755c00000|  0%| F|  |TAMS 0x0000000755a00000, 0x0000000755a00000| Untracked 

Card table byte_map: [0x000002699c570000,0x000002699cb70000] _byte_map_base: 0x0000026998b62000

Marking Bits (Prev, Next): (CMBitMap*) 0x0000026996233a80, (CMBitMap*) 0x0000026996233ac0
 Prev Bits: [0x000002699d170000, 0x00000269a0100000)
 Next Bits: [0x00000269a0100000, 0x00000269a3090000)

Polling page: 0x00000269959b0000

Metaspace:

Usage:
  Non-class:     29.79 MB used.
      Class:      4.46 MB used.
       Both:     34.25 MB used.

Virtual space:
  Non-class space:       32.00 MB reserved,      29.94 MB ( 94%) committed,  4 nodes.
      Class space:        1.00 GB reserved,       4.62 MB ( <1%) committed,  1 nodes.
             Both:        1.03 GB reserved,      34.56 MB (  3%) committed. 

Chunk freelists:
   Non-Class:  2.00 MB
       Class:  3.42 MB
        Both:  5.42 MB

MaxMetaspaceSize: unlimited
CompressedClassSpaceSize: 1.00 GB
Initial GC threshold: 21.00 MB
Current GC threshold: 56.88 MB
CDS: off
MetaspaceReclaimPolicy: balanced
 - commit_granule_bytes: 65536.
 - commit_granule_words: 8192.
 - virtual_space_node_default_size: 1048576.
 - enlarge_chunks_in_place: 1.
 - new_chunks_are_fully_committed: 0.
 - uncommit_free_chunks: 1.
 - use_allocation_guard: 0.
 - handle_deallocations: 1.


Internal statistics:

num_allocs_failed_limit: 3.
num_arena_births: 300.
num_arena_deaths: 0.
num_vsnodes_births: 5.
num_vsnodes_deaths: 0.
num_space_committed: 553.
num_space_uncommitted: 0.
num_chunks_returned_to_freelist: 3.
num_chunks_taken_from_freelist: 1308.
num_chunk_merges: 3.
num_chunk_splits: 895.
num_chunks_enlarged: 695.
num_purges: 0.
num_inconsistent_stats: 0.

CodeCache: size=49152Kb used=9107Kb max_used=9107Kb free=40044Kb
 bounds [0x0000026998e60000, 0x0000026999750000, 0x000002699be60000]
 total_blobs=4211 nmethods=3686 adapters=449
 compilation: enabled
              stopped_count=0, restarted_count=0
 full_count=0

Compilation events (20 events):
Event: 11.654 Thread 0x00000269a89931c0 3677       1       io.github.classgraph.ModuleRef::getReference (5 bytes)
Event: 11.654 Thread 0x00000269a89931c0 nmethod 3677 0x0000026999741910 code [0x0000026999741aa0, 0x0000026999741b78]
Event: 11.688 Thread 0x00000269a6441e20 3678   !   1       jdk.internal.module.SystemModuleFinders$SystemModuleReader::checkPermissionToConnect (38 bytes)
Event: 11.688 Thread 0x00000269a6f9c980 3679       1       jdk.internal.module.SystemModuleFinders$2::get (5 bytes)
Event: 11.688 Thread 0x00000269a6fdc760 3680       1       jdk.internal.module.SystemModuleFinders$SystemModuleReader::<init> (14 bytes)
Event: 11.688 Thread 0x00000269a89931c0 3681   !   1       jdk.internal.module.ModuleReferenceImpl::open (19 bytes)
Event: 11.688 Thread 0x00000269a89931c0 nmethod 3681 0x0000026999741c10 code [0x0000026999741dc0, 0x0000026999741f58]
Event: 11.688 Thread 0x00000269a6fdc760 nmethod 3680 0x0000026999742090 code [0x0000026999742220, 0x0000026999742368]
Event: 11.688 Thread 0x00000269a6f9c980 nmethod 3679 0x0000026999742410 code [0x00000269997425a0, 0x0000026999742748]
Event: 11.688 Thread 0x00000269a6441e20 nmethod 3678 0x0000026999742810 code [0x00000269997429e0, 0x0000026999742c08]
Event: 11.705 Thread 0x00000269a89931c0 3682       1       nonapi.io.github.classgraph.fastzipfilereader.NestedJarHandler$5$1::newInstance (5 bytes)
Event: 11.705 Thread 0x00000269a6fdc760 3683       1       nonapi.io.github.classgraph.fastzipfilereader.NestedJarHandler$5$1::newInstance (8 bytes)
Event: 11.705 Thread 0x00000269a6fdc760 nmethod 3683 0x0000026999742e10 code [0x0000026999742fa0, 0x00000269997430e8]
Event: 11.705 Thread 0x00000269a89931c0 nmethod 3682 0x0000026999743210 code [0x00000269997433a0, 0x00000269997434e8]
Event: 11.705 Thread 0x00000269a6f9c980 3684       1       io.github.classgraph.ModuleRef::open (9 bytes)
Event: 11.705 Thread 0x00000269a6f9c980 nmethod 3684 0x0000026999743610 code [0x00000269997437a0, 0x00000269997438e8]
Event: 11.707 Thread 0x00000269a6f9c980 3685   !   1       io.github.classgraph.ModuleReaderProxy::<init> (74 bytes)
Event: 11.707 Thread 0x00000269a6f9c980 nmethod 3685 0x0000026999743990 code [0x0000026999743ba0, 0x0000026999744158]
Event: 11.709 Thread 0x00000269a6fdc760 3686   !   1       jdk.internal.reflect.GeneratedMethodAccessor25::invoke (61 bytes)
Event: 11.710 Thread 0x00000269a6fdc760 nmethod 3686 0x0000026999744490 code [0x00000269997446a0, 0x0000026999744b48]

GC Heap History (20 events):
Event: 10.696 GC heap after
{Heap after GC invocations=14 (full 0):
 garbage-first heap   total 81920K, used 41555K [0x0000000741c00000, 0x0000000800000000)
  region size 2048K, 2 young (4096K), 2 survivors (4096K)
 Metaspace       used 33427K, committed 33728K, reserved 1081344K
  class space    used 4253K, committed 4416K, reserved 1048576K
}
Event: 10.897 GC heap before
{Heap before GC invocations=14 (full 0):
 garbage-first heap   total 81920K, used 59987K [0x0000000741c00000, 0x0000000800000000)
  region size 2048K, 11 young (22528K), 2 survivors (4096K)
 Metaspace       used 34480K, committed 34816K, reserved 1081344K
  class space    used 4446K, committed 4608K, reserved 1048576K
}
Event: 10.903 GC heap after
{Heap after GC invocations=15 (full 0):
 garbage-first heap   total 163840K, used 46200K [0x0000000741c00000, 0x0000000800000000)
  region size 2048K, 2 young (4096K), 2 survivors (4096K)
 Metaspace       used 34480K, committed 34816K, reserved 1081344K
  class space    used 4446K, committed 4608K, reserved 1048576K
}
Event: 11.247 GC heap before
{Heap before GC invocations=16 (full 0):
 garbage-first heap   total 163840K, used 101496K [0x0000000741c00000, 0x0000000800000000)
  region size 2048K, 30 young (61440K), 2 survivors (4096K)
 Metaspace       used 34962K, committed 35264K, reserved 1081344K
  class space    used 4554K, committed 4672K, reserved 1048576K
}
Event: 11.266 GC heap after
{Heap after GC invocations=17 (full 0):
 garbage-first heap   total 163840K, used 58999K [0x0000000741c00000, 0x0000000800000000)
  region size 2048K, 4 young (8192K), 4 survivors (8192K)
 Metaspace       used 34962K, committed 35264K, reserved 1081344K
  class space    used 4554K, committed 4672K, reserved 1048576K
}
Event: 11.293 GC heap before
{Heap before GC invocations=17 (full 0):
 garbage-first heap   total 163840K, used 97911K [0x0000000741c00000, 0x0000000800000000)
  region size 2048K, 24 young (49152K), 4 survivors (8192K)
 Metaspace       used 35060K, committed 35392K, reserved 1081344K
  class space    used 4565K, committed 4736K, reserved 1048576K
}
Event: 11.298 GC heap after
{Heap after GC invocations=18 (full 0):
 garbage-first heap   total 163840K, used 62097K [0x0000000741c00000, 0x0000000800000000)
  region size 2048K, 2 young (4096K), 2 survivors (4096K)
 Metaspace       used 35060K, committed 35392K, reserved 1081344K
  class space    used 4565K, committed 4736K, reserved 1048576K
}
Event: 11.332 GC heap before
{Heap before GC invocations=18 (full 0):
 garbage-first heap   total 163840K, used 107153K [0x0000000741c00000, 0x0000000800000000)
  region size 2048K, 25 young (51200K), 2 survivors (4096K)
 Metaspace       used 35070K, committed 35392K, reserved 1081344K
  class space    used 4567K, committed 4736K, reserved 1048576K
}
Event: 11.335 GC heap after
{Heap after GC invocations=19 (full 0):
 garbage-first heap   total 163840K, used 63703K [0x0000000741c00000, 0x0000000800000000)
  region size 2048K, 2 young (4096K), 2 survivors (4096K)
 Metaspace       used 35070K, committed 35392K, reserved 1081344K
  class space    used 4567K, committed 4736K, reserved 1048576K
}
Event: 11.359 GC heap before
{Heap before GC invocations=19 (full 0):
 garbage-first heap   total 163840K, used 116951K [0x0000000741c00000, 0x0000000800000000)
  region size 2048K, 29 young (59392K), 2 survivors (4096K)
 Metaspace       used 35070K, committed 35392K, reserved 1081344K
  class space    used 4567K, committed 4736K, reserved 1048576K
}
Event: 11.362 GC heap after
{Heap after GC invocations=20 (full 0):
 garbage-first heap   total 163840K, used 65798K [0x0000000741c00000, 0x0000000800000000)
  region size 2048K, 3 young (6144K), 3 survivors (6144K)
 Metaspace       used 35070K, committed 35392K, reserved 1081344K
  class space    used 4567K, committed 4736K, reserved 1048576K
}
Event: 11.381 GC heap before
{Heap before GC invocations=20 (full 0):
 garbage-first heap   total 163840K, used 121094K [0x0000000741c00000, 0x0000000800000000)
  region size 2048K, 31 young (63488K), 3 survivors (6144K)
 Metaspace       used 35070K, committed 35392K, reserved 1081344K
  class space    used 4567K, committed 4736K, reserved 1048576K
}
Event: 11.386 GC heap after
{Heap after GC invocations=21 (full 0):
 garbage-first heap   total 327680K, used 67957K [0x0000000741c00000, 0x0000000800000000)
  region size 2048K, 4 young (8192K), 4 survivors (8192K)
 Metaspace       used 35070K, committed 35392K, reserved 1081344K
  class space    used 4567K, committed 4736K, reserved 1048576K
}
Event: 11.508 GC heap before
{Heap before GC invocations=21 (full 0):
 garbage-first heap   total 327680K, used 254325K [0x0000000741c00000, 0x0000000800000000)
  region size 2048K, 96 young (196608K), 4 survivors (8192K)
 Metaspace       used 35070K, committed 35392K, reserved 1081344K
  class space    used 4567K, committed 4736K, reserved 1048576K
}
Event: 11.518 GC heap after
{Heap after GC invocations=22 (full 0):
 garbage-first heap   total 327680K, used 75767K [0x0000000741c00000, 0x0000000800000000)
  region size 2048K, 7 young (14336K), 7 survivors (14336K)
 Metaspace       used 35070K, committed 35392K, reserved 1081344K
  class space    used 4567K, committed 4736K, reserved 1048576K
}
Event: 11.622 GC heap before
{Heap before GC invocations=22 (full 0):
 garbage-first heap   total 327680K, used 253943K [0x0000000741c00000, 0x0000000800000000)
  region size 2048K, 95 young (194560K), 7 survivors (14336K)
 Metaspace       used 35071K, committed 35392K, reserved 1081344K
  class space    used 4567K, committed 4736K, reserved 1048576K
}
Event: 11.630 GC heap after
{Heap after GC invocations=23 (full 0):
 garbage-first heap   total 327680K, used 82860K [0x0000000741c00000, 0x0000000800000000)
  region size 2048K, 10 young (20480K), 10 survivors (20480K)
 Metaspace       used 35071K, committed 35392K, reserved 1081344K
  class space    used 4567K, committed 4736K, reserved 1048576K
}
Event: 11.720 GC heap before
{Heap before GC invocations=23 (full 0):
 garbage-first heap   total 327680K, used 256940K [0x0000000741c00000, 0x0000000800000000)
  region size 2048K, 96 young (196608K), 10 survivors (20480K)
 Metaspace       used 35071K, committed 35392K, reserved 1081344K
  class space    used 4567K, committed 4736K, reserved 1048576K
}
Event: 11.730 GC heap after
{Heap after GC invocations=24 (full 0):
 garbage-first heap   total 327680K, used 90918K [0x0000000741c00000, 0x0000000800000000)
  region size 2048K, 8 young (16384K), 8 survivors (16384K)
 Metaspace       used 35071K, committed 35392K, reserved 1081344K
  class space    used 4567K, committed 4736K, reserved 1048576K
}
Event: 11.821 GC heap before
{Heap before GC invocations=24 (full 0):
 garbage-first heap   total 327680K, used 262950K [0x0000000741c00000, 0x0000000800000000)
  region size 2048K, 93 young (190464K), 8 survivors (16384K)
 Metaspace       used 35071K, committed 35392K, reserved 1081344K
  class space    used 4567K, committed 4736K, reserved 1048576K
}

Deoptimization events (14 events):
Event: 6.348 Thread 0x00000269961d9a70 DEOPT PACKING pc=0x000002699927bb81 sp=0x00000072188fdb00
Event: 6.349 Thread 0x00000269961d9a70 DEOPT UNPACKING pc=0x0000026998eb2b43 sp=0x00000072188fcf70 mode 3
Event: 7.633 Thread 0x00000269961d9a70 DEOPT PACKING pc=0x00000269993a43f9 sp=0x00000072188fd2b0
Event: 7.633 Thread 0x00000269961d9a70 DEOPT UNPACKING pc=0x0000026998eb2b43 sp=0x00000072188fc790 mode 3
Event: 8.343 Thread 0x00000269961d9a70 DEOPT PACKING pc=0x0000026999466d81 sp=0x00000072188fcd60
Event: 8.343 Thread 0x00000269961d9a70 DEOPT UNPACKING pc=0x0000026998eb2b43 sp=0x00000072188fc1d0 mode 3
Event: 10.201 Thread 0x00000269961d9a70 DEOPT PACKING pc=0x000002699950d079 sp=0x00000072188fc820
Event: 10.201 Thread 0x00000269961d9a70 DEOPT UNPACKING pc=0x0000026998eb2b43 sp=0x00000072188fbd00 mode 3
Event: 10.224 Thread 0x00000269a8418880 DEOPT PACKING pc=0x0000026999216613 sp=0x0000007219cfe4b0
Event: 10.224 Thread 0x00000269a8418880 DEOPT UNPACKING pc=0x0000026998eb2b43 sp=0x0000007219cfd9f8 mode 3
Event: 10.483 Thread 0x00000269a855d430 DEOPT PACKING pc=0x00000269993a5409 sp=0x000000721a9feb80
Event: 10.483 Thread 0x00000269a855d430 DEOPT UNPACKING pc=0x0000026998eb2b43 sp=0x000000721a9fe010 mode 3
Event: 10.803 Thread 0x00000269aa1e1530 DEOPT PACKING pc=0x000002699965166d sp=0x000000721b7fdc60
Event: 10.803 Thread 0x00000269aa1e1530 DEOPT UNPACKING pc=0x0000026998eb2b43 sp=0x000000721b7fd188 mode 3

Classes unloaded (0 events):
No events

Classes redefined (0 events):
No events

Internal exceptions (20 events):
Event: 10.328 Thread 0x00000269a853c070 Exception <a 'sun/nio/fs/WindowsException'{0x000000074bd571e0}> (0x000000074bd571e0) 
thrown [e:\jenkins\tmp\workspace\build\src\src\hotspot\share\prims\jni.cpp, line 516]
Event: 10.328 Thread 0x00000269a853c070 Exception <a 'sun/nio/fs/WindowsException'{0x000000074bd57570}> (0x000000074bd57570) 
thrown [e:\jenkins\tmp\workspace\build\src\src\hotspot\share\prims\jni.cpp, line 516]
Event: 10.328 Thread 0x00000269a853c070 Exception <a 'sun/nio/fs/WindowsException'{0x000000074bd57f68}> (0x000000074bd57f68) 
thrown [e:\jenkins\tmp\workspace\build\src\src\hotspot\share\prims\jni.cpp, line 516]
Event: 10.328 Thread 0x00000269a853c070 Exception <a 'sun/nio/fs/WindowsException'{0x000000074bd58318}> (0x000000074bd58318) 
thrown [e:\jenkins\tmp\workspace\build\src\src\hotspot\share\prims\jni.cpp, line 516]
Event: 10.328 Thread 0x00000269a853c070 Exception <a 'sun/nio/fs/WindowsException'{0x000000074bd58d00}> (0x000000074bd58d00) 
thrown [e:\jenkins\tmp\workspace\build\src\src\hotspot\share\prims\jni.cpp, line 516]
Event: 10.328 Thread 0x00000269a853c070 Exception <a 'sun/nio/fs/WindowsException'{0x000000074bd59090}> (0x000000074bd59090) 
thrown [e:\jenkins\tmp\workspace\build\src\src\hotspot\share\prims\jni.cpp, line 516]
Event: 10.328 Thread 0x00000269a853c070 Exception <a 'sun/nio/fs/WindowsException'{0x000000074bd59a88}> (0x000000074bd59a88) 
thrown [e:\jenkins\tmp\workspace\build\src\src\hotspot\share\prims\jni.cpp, line 516]
Event: 10.329 Thread 0x00000269a853c070 Exception <a 'sun/nio/fs/WindowsException'{0x000000074bd59e38}> (0x000000074bd59e38) 
thrown [e:\jenkins\tmp\workspace\build\src\src\hotspot\share\prims\jni.cpp, line 516]
Event: 10.329 Thread 0x00000269a853c070 Exception <a 'sun/nio/fs/WindowsException'{0x000000074bd5a848}> (0x000000074bd5a848) 
thrown [e:\jenkins\tmp\workspace\build\src\src\hotspot\share\prims\jni.cpp, line 516]
Event: 10.329 Thread 0x00000269a853c070 Exception <a 'sun/nio/fs/WindowsException'{0x000000074bd5ac08}> (0x000000074bd5ac08) 
thrown [e:\jenkins\tmp\workspace\build\src\src\hotspot\share\prims\jni.cpp, line 516]
Event: 10.329 Thread 0x00000269a853c070 Exception <a 'sun/nio/fs/WindowsException'{0x000000074bd5b630}> (0x000000074bd5b630) 
thrown [e:\jenkins\tmp\workspace\build\src\src\hotspot\share\prims\jni.cpp, line 516]
Event: 10.329 Thread 0x00000269a853c070 Exception <a 'sun/nio/fs/WindowsException'{0x000000074bd5ba10}> (0x000000074bd5ba10) 
thrown [e:\jenkins\tmp\workspace\build\src\src\hotspot\share\prims\jni.cpp, line 516]
Event: 10.329 Thread 0x00000269a853c070 Exception <a 'sun/nio/fs/WindowsException'{0x000000074bd5c430}> (0x000000074bd5c430) 
thrown [e:\jenkins\tmp\workspace\build\src\src\hotspot\share\prims\jni.cpp, line 516]
Event: 10.329 Thread 0x00000269a853c070 Exception <a 'sun/nio/fs/WindowsException'{0x000000074bd5c810}> (0x000000074bd5c810) 
thrown [e:\jenkins\tmp\workspace\build\src\src\hotspot\share\prims\jni.cpp, line 516]
Event: 10.485 Thread 0x00000269961d9a70 Exception <a 'java/lang/NoSuchMethodError'{0x000000074da50458}: 'java.lang.Object java.lang.invoke.DirectMethodHandle$Holder.newInvokeSpecial(java.lang.Object, java.lang.Object, int, java.lang.Object, java.lang.Object)'> (0x000000074da50458) 
thrown [e:\jenkins\tmp\workspace\build\src\src\hotspot\share\interpreter\linkResolver.cpp, line 766]
Event: 10.798 Thread 0x00000269aa1e1530 Exception <a 'java/lang/NoSuchMethodError'{0x0000000745e2b550}: 'java.lang.Object java.lang.invoke.DirectMethodHandle$Holder.invokeStatic(java.lang.Object, int, java.lang.Object)'> (0x0000000745e2b550) 
thrown [e:\jenkins\tmp\workspace\build\src\src\hotspot\share\interpreter\linkResolver.cpp, line 766]
Event: 10.825 Thread 0x00000269a8563e50 Exception <a 'java/lang/NoSuchMethodError'{0x0000000745f5d978}: 'java.lang.Object java.lang.invoke.DirectMethodHandle$Holder.invokeStatic(java.lang.Object, java.lang.Object, java.lang.Object, int, java.lang.Object, java.lang.Object)'> (0x0000000745f5d978) 
thrown [e:\jenkins\tmp\workspace\build\src\src\hotspot\share\interpreter\linkResolver.cpp, line 766]
Event: 10.978 Thread 0x00000269aa1e1530 Exception <a 'java/lang/NoSuchMethodError'{0x000000074bc27118}: 'int java.lang.invoke.DirectMethodHandle$Holder.invokeStatic(java.lang.Object)'> (0x000000074bc27118) 
thrown [e:\jenkins\tmp\workspace\build\src\src\hotspot\share\interpreter\linkResolver.cpp, line 766]
Event: 10.979 Thread 0x00000269aa1e1530 Exception <a 'java/lang/NoSuchMethodError'{0x000000074bc2aa30}: 'int java.lang.invoke.DirectMethodHandle$Holder.invokeStaticInit(java.lang.Object)'> (0x000000074bc2aa30) 
thrown [e:\jenkins\tmp\workspace\build\src\src\hotspot\share\interpreter\linkResolver.cpp, line 766]
Event: 10.996 Thread 0x00000269a8563e50 Exception <a 'java/lang/NoSuchMethodError'{0x000000074bd09b98}: 'int java.lang.invoke.DirectMethodHandle$Holder.invokeVirtual(java.lang.Object, java.lang.Object)'> (0x000000074bd09b98) 
thrown [e:\jenkins\tmp\workspace\build\src\src\hotspot\share\interpreter\linkResolver.cpp, line 766]

VM Operations (20 events):
Event: 11.359 Executing VM operation: G1CollectForAllocation done
Event: 11.359 Executing VM operation: G1CollectForAllocation
Event: 11.362 Executing VM operation: G1CollectForAllocation done
Event: 11.380 Executing VM operation: G1CollectForAllocation
Event: 11.381 Executing VM operation: G1CollectForAllocation done
Event: 11.381 Executing VM operation: G1CollectForAllocation
Event: 11.386 Executing VM operation: G1CollectForAllocation done
Event: 11.507 Executing VM operation: G1CollectForAllocation
Event: 11.507 Executing VM operation: G1CollectForAllocation done
Event: 11.507 Executing VM operation: G1CollectForAllocation
Event: 11.518 Executing VM operation: G1CollectForAllocation done
Event: 11.622 Executing VM operation: G1CollectForAllocation
Event: 11.630 Executing VM operation: G1CollectForAllocation done
Event: 11.720 Executing VM operation: G1CollectForAllocation
Event: 11.720 Executing VM operation: G1CollectForAllocation done
Event: 11.720 Executing VM operation: G1CollectForAllocation
Event: 11.730 Executing VM operation: G1CollectForAllocation done
Event: 11.821 Executing VM operation: G1CollectForAllocation
Event: 11.821 Executing VM operation: G1CollectForAllocation done
Event: 11.821 Executing VM operation: G1CollectForAllocation

Events (20 events):
Event: 10.860 Thread 0x00000269aa1e1060 Thread added: 0x00000269aa1e1060
Event: 10.862 Thread 0x00000269aa1e4550 Thread added: 0x00000269aa1e4550
Event: 10.865 Thread 0x00000269aa1e4a20 Thread added: 0x00000269aa1e4a20
Event: 10.866 Thread 0x00000269aa1e6bd0 Thread added: 0x00000269aa1e6bd0
Event: 10.867 Thread 0x00000269aa1e5890 Thread added: 0x00000269aa1e5890
Event: 10.962 Thread 0x00000269aa1e36e0 Thread added: 0x00000269aa1e36e0
Event: 10.986 Thread 0x00000269aa1e70a0 Thread added: 0x00000269aa1e70a0
Event: 10.990 loading class java/util/concurrent/CompletionException
Event: 10.991 loading class java/util/concurrent/CompletionException done
Event: 11.000 loading class java/io/PrintWriter
Event: 11.000 loading class java/io/PrintWriter done
Event: 11.002 loading class sun/nio/cs/StringUTF16
Event: 11.002 loading class sun/nio/cs/StringUTF16 done
Event: 11.003 loading class java/util/WeakHashMap$EntrySet
Event: 11.003 loading class java/util/WeakHashMap$EntrySet done
Event: 11.004 loading class java/util/WeakHashMap$EntryIterator
Event: 11.004 loading class java/util/WeakHashMap$HashIterator
Event: 11.004 loading class java/util/WeakHashMap$HashIterator done
Event: 11.004 loading class java/util/WeakHashMap$EntryIterator done
Event: 11.242 Thread 0x00000269a89931c0 Thread added: 0x00000269a89931c0


Dynamic libraries:
0x00007ff6aac80000 - 0x00007ff6aac8e000 	c:\Users\pc\.vscode\extensions\redhat.java-1.9.0-win32-x64\jre\17.0.3-win32-x86_64\bin\java.exe
0x00007ffe49eb0000 - 0x00007ffe4a0a8000 	C:\WINDOWS\SYSTEM32\ntdll.dll
0x00007ffe49b10000 - 0x00007ffe49bcd000 	C:\WINDOWS\System32\KERNEL32.DLL
0x00007ffe47600000 - 0x00007ffe478ce000 	C:\WINDOWS\System32\KERNELBASE.dll
0x00007ffe47da0000 - 0x00007ffe47ea0000 	C:\WINDOWS\System32\ucrtbase.dll
0x00007ffe3aed0000 - 0x00007ffe3aee8000 	c:\Users\pc\.vscode\extensions\redhat.java-1.9.0-win32-x64\jre\17.0.3-win32-x86_64\bin\jli.dll
0x00007ffe3aef0000 - 0x00007ffe3af09000 	c:\Users\pc\.vscode\extensions\redhat.java-1.9.0-win32-x64\jre\17.0.3-win32-x86_64\bin\VCRUNTIME140.dll
0x00007ffe48ea0000 - 0x00007ffe49040000 	C:\WINDOWS\System32\USER32.dll
0x00007ffe47c70000 - 0x00007ffe47c92000 	C:\WINDOWS\System32\win32u.dll
0x00007ffe29880000 - 0x00007ffe29b1a000 	C:\WINDOWS\WinSxS\amd64_microsoft.windows.common-controls_6595b64144ccf1df_6.0.19041.1110_none_60b5254171f9507e\COMCTL32.dll
0x00007ffe49d90000 - 0x00007ffe49dba000 	C:\WINDOWS\System32\GDI32.dll
0x00007ffe49040000 - 0x00007ffe490de000 	C:\WINDOWS\System32\msvcrt.dll
0x00007ffe47ad0000 - 0x00007ffe47bdb000 	C:\WINDOWS\System32\gdi32full.dll
0x00007ffe47a30000 - 0x00007ffe47acd000 	C:\WINDOWS\System32\msvcp_win.dll
0x00007ffe48c90000 - 0x00007ffe48cc0000 	C:\WINDOWS\System32\IMM32.DLL
0x00007ffe42160000 - 0x00007ffe4216c000 	c:\Users\pc\.vscode\extensions\redhat.java-1.9.0-win32-x64\jre\17.0.3-win32-x86_64\bin\vcruntime140_1.dll
0x00007ffdf9ba0000 - 0x00007ffdf9c31000 	c:\Users\pc\.vscode\extensions\redhat.java-1.9.0-win32-x64\jre\17.0.3-win32-x86_64\bin\msvcp140.dll
0x00007ffddb4a0000 - 0x00007ffddc0e8000 	c:\Users\pc\.vscode\extensions\redhat.java-1.9.0-win32-x64\jre\17.0.3-win32-x86_64\bin\server\jvm.dll
0x00007ffe49dc0000 - 0x00007ffe49e6e000 	C:\WINDOWS\System32\ADVAPI32.dll
0x00007ffe48cc0000 - 0x00007ffe48d5c000 	C:\WINDOWS\System32\sechost.dll
0x00007ffe48d60000 - 0x00007ffe48e85000 	C:\WINDOWS\System32\RPCRT4.dll
0x00007ffe48e90000 - 0x00007ffe48e98000 	C:\WINDOWS\System32\PSAPI.DLL
0x00007ffe27b30000 - 0x00007ffe27b57000 	C:\WINDOWS\SYSTEM32\WINMM.dll
0x00007ffe29830000 - 0x00007ffe29839000 	C:\WINDOWS\SYSTEM32\WSOCK32.dll
0x00007ffe40960000 - 0x00007ffe4096a000 	C:\WINDOWS\SYSTEM32\VERSION.dll
0x00007ffe493c0000 - 0x00007ffe4942b000 	C:\WINDOWS\System32\WS2_32.dll
0x00007ffe45eb0000 - 0x00007ffe45ec2000 	C:\WINDOWS\SYSTEM32\kernel.appcore.dll
0x00007ffe42140000 - 0x00007ffe4214a000 	c:\Users\pc\.vscode\extensions\redhat.java-1.9.0-win32-x64\jre\17.0.3-win32-x86_64\bin\jimage.dll
0x00007ffe45b80000 - 0x00007ffe45d64000 	C:\WINDOWS\SYSTEM32\DBGHELP.DLL
0x00007ffe32c00000 - 0x00007ffe32c2c000 	C:\WINDOWS\SYSTEM32\dbgcore.DLL
0x00007ffe47be0000 - 0x00007ffe47c62000 	C:\WINDOWS\System32\bcryptPrimitives.dll
0x00007ffe2ecb0000 - 0x00007ffe2ecd5000 	c:\Users\pc\.vscode\extensions\redhat.java-1.9.0-win32-x64\jre\17.0.3-win32-x86_64\bin\java.dll
0x00007ffe39d00000 - 0x00007ffe39d18000 	c:\Users\pc\.vscode\extensions\redhat.java-1.9.0-win32-x64\jre\17.0.3-win32-x86_64\bin\zip.dll
0x00007ffe48280000 - 0x00007ffe489c4000 	C:\WINDOWS\System32\SHELL32.dll
0x00007ffe453e0000 - 0x00007ffe45b74000 	C:\WINDOWS\SYSTEM32\windows.storage.dll
0x00007ffe47f20000 - 0x00007ffe48274000 	C:\WINDOWS\System32\combase.dll
0x00007ffe47030000 - 0x00007ffe47060000 	C:\WINDOWS\SYSTEM32\Wldp.dll
0x00007ffe48be0000 - 0x00007ffe48c8d000 	C:\WINDOWS\System32\SHCORE.dll
0x00007ffe49510000 - 0x00007ffe49565000 	C:\WINDOWS\System32\shlwapi.dll
0x00007ffe47510000 - 0x00007ffe4752f000 	C:\WINDOWS\SYSTEM32\profapi.dll
0x00007ffe30980000 - 0x00007ffe30999000 	C:\Users\pc\.vscode\extensions\redhat.java-1.9.0-win32-x64\jre\17.0.3-win32-x86_64\bin\net.dll
0x00007ffe3e410000 - 0x00007ffe3e51a000 	C:\WINDOWS\SYSTEM32\WINHTTP.dll
0x00007ffe46d90000 - 0x00007ffe46dfa000 	C:\WINDOWS\system32\mswsock.dll
0x00007ffe30960000 - 0x00007ffe30975000 	C:\Users\pc\.vscode\extensions\redhat.java-1.9.0-win32-x64\jre\17.0.3-win32-x86_64\bin\nio.dll
0x00007ffe3f230000 - 0x00007ffe3f240000 	c:\Users\pc\.vscode\extensions\redhat.java-1.9.0-win32-x64\jre\17.0.3-win32-x86_64\bin\verify.dll
0x00007ffe3ae20000 - 0x00007ffe3ae29000 	C:\Users\pc\.vscode\extensions\redhat.java-1.9.0-win32-x64\jre\17.0.3-win32-x86_64\bin\management.dll
0x00007ffe38b40000 - 0x00007ffe38b4b000 	C:\Users\pc\.vscode\extensions\redhat.java-1.9.0-win32-x64\jre\17.0.3-win32-x86_64\bin\management_ext.dll
0x00007ffe272d0000 - 0x00007ffe272e7000 	C:\WINDOWS\system32\napinsp.dll
0x00007ffe27260000 - 0x00007ffe2727b000 	C:\WINDOWS\system32\pnrpnsp.dll
0x00007ffe424b0000 - 0x00007ffe424c5000 	C:\WINDOWS\system32\wshbth.dll
0x00007ffe3fb10000 - 0x00007ffe3fb2d000 	C:\WINDOWS\system32\NLAapi.dll
0x00007ffe46a30000 - 0x00007ffe46a6b000 	C:\WINDOWS\SYSTEM32\IPHLPAPI.DLL
0x00007ffe46a70000 - 0x00007ffe46b3a000 	C:\WINDOWS\SYSTEM32\DNSAPI.dll
0x00007ffe49d80000 - 0x00007ffe49d88000 	C:\WINDOWS\System32\NSI.dll
0x00007ffe274e0000 - 0x00007ffe274f2000 	C:\WINDOWS\System32\winrnr.dll
0x00007ffe3ee20000 - 0x00007ffe3ee2a000 	C:\Windows\System32\rasadhlp.dll
0x00007ffe2e990000 - 0x00007ffe2ea10000 	C:\WINDOWS\System32\fwpuclnt.dll
0x00007ffe475d0000 - 0x00007ffe475f7000 	C:\WINDOWS\System32\bcrypt.dll
0x00007ffe46f80000 - 0x00007ffe46f98000 	C:\WINDOWS\SYSTEM32\CRYPTSP.dll
0x00007ffe466a0000 - 0x00007ffe466d4000 	C:\WINDOWS\system32\rsaenh.dll
0x00007ffe474d0000 - 0x00007ffe474fe000 	C:\WINDOWS\SYSTEM32\USERENV.dll
0x00007ffe46fa0000 - 0x00007ffe46fac000 	C:\WINDOWS\SYSTEM32\CRYPTBASE.dll
0x00007ffe3e830000 - 0x00007ffe3e847000 	C:\WINDOWS\SYSTEM32\dhcpcsvc6.DLL
0x00007ffe3ee00000 - 0x00007ffe3ee1d000 	C:\WINDOWS\SYSTEM32\dhcpcsvc.DLL

dbghelp: loaded successfully - version: 4.0.5 - missing functions: none
symbol engine: initialized successfully - sym options: 0x614 - pdb path: .;c:\Users\pc\.vscode\extensions\redhat.java-1.9.0-win32-x64\jre\17.0.3-win32-x86_64\bin;C:\WINDOWS\SYSTEM32;C:\WINDOWS\WinSxS\amd64_microsoft.windows.common-controls_6595b64144ccf1df_6.0.19041.1110_none_60b5254171f9507e;c:\Users\pc\.vscode\extensions\redhat.java-1.9.0-win32-x64\jre\17.0.3-win32-x86_64\bin\server

VM Arguments:
jvm_args: -Dsts.lsp.client=vscode -Dsts.log.file=/dev/null -XX:TieredStopAtLevel=1 -Dspring.config.location=file:c:\Users\pc\.vscode\extensions\pivotal.vscode-spring-boot-1.38.0\language-server\BOOT-INF\classes\application.properties 
java_command: org.springframework.ide.vscode.boot.app.BootLanguageServerBootApp
java_class_path (initial): c:\Users\pc\.vscode\extensions\pivotal.vscode-spring-boot-1.38.0\language-server\BOOT-INF\classes;c:\Users\pc\.vscode\extensions\pivotal.vscode-spring-boot-1.38.0\language-server\BOOT-INF\lib\annotations-23.0.0.jar;c:\Users\pc\.vscode\extensions\pivotal.vscode-spring-boot-1.38.0\language-server\BOOT-INF\lib\antlr-runtime-3.5.2.jar;c:\Users\pc\.vscode\extensions\pivotal.vscode-spring-boot-1.38.0\language-server\BOOT-INF\lib\antlr4-4.9.3.jar;c:\Users\pc\.vscode\extensions\pivotal.vscode-spring-boot-1.38.0\language-server\BOOT-INF\lib\antlr4-runtime-4.9.3.jar;c:\Users\pc\.vscode\extensions\pivotal.vscode-spring-boot-1.38.0\language-server\BOOT-INF\lib\asm-9.3.jar;c:\Users\pc\.vscode\extensions\pivotal.vscode-spring-boot-1.38.0\language-server\BOOT-INF\lib\asm-analysis-9.3.jar;c:\Users\pc\.vscode\extensions\pivotal.vscode-spring-boot-1.38.0\language-server\BOOT-INF\lib\asm-tree-9.3.jar;c:\Users\pc\.vscode\extensions\pivotal.vscode-spring-boot-1.38.0\language-server\BOOT-INF\lib\asm-util-9.3.jar;c:\Users\pc\.vscode\extensions\pivotal.vscode-spring-boot-1.38.0\language-server\BOOT-INF\lib\byte-buddy-1.10.18.jar;c:\Users\pc\.vscode\extensions\pivotal.vscode-spring-boot-1.38.0\language-server\BOOT-INF\lib\caffeine-2.8.6.jar;c:\Users\pc\.vscode\extensions\pivotal.vscode-spring-boot-1.38.0\language-server\BOOT-INF\lib\checker-qual-3.12.0.jar;c:\Users\pc\.vscode\extensions\pivotal.vscode-spring-boot-1.38.0\language-server\BOOT-INF\lib\classgraph-4.8.149.jar;c:\Users\pc\.vscode\extensions\pivotal.vscode-spring-boot-1.38.0\language-server\BOOT-INF\lib\commons-codec-1.14.jar;c:\Users\pc\.vscode\extensions\pivotal.vscode-spring-boot-1.38.0\language-server\BOOT-INF\lib\commons-compress-1.21.jar;c:\Users\pc\.vscode\extensions\pivotal.vscode-spring-boot-1.38.0\language-server\BOOT-INF\lib\commons-exec-1.3.jar;c:\Users\pc\.vscode\extensions\pivotal.vscode-spring-boot-1.38.0\language-server\BOOT-INF\lib\commons-io-2.4.jar;c:\Users\pc\.vscode\extensions\pivo
Launcher Type: SUN_STANDARD

[Global flags]
     intx CICompilerCount                          = 4                                         {product} {ergonomic}
     uint ConcGCThreads                            = 2                                         {product} {ergonomic}
     uint G1ConcRefinementThreads                  = 8                                         {product} {ergonomic}
   size_t G1HeapRegionSize                         = 2097152                                   {product} {ergonomic}
    uintx GCDrainStackTargetSize                   = 64                                        {product} {ergonomic}
   size_t InitialHeapSize                          = 201326592                                 {product} {ergonomic}
   size_t MarkStackSize                            = 4194304                                   {product} {ergonomic}
   size_t MaxHeapSize                              = 3191865344                                {product} {ergonomic}
   size_t MaxNewSize                               = 1914699776                                {product} {ergonomic}
   size_t MinHeapDeltaBytes                        = 2097152                                   {product} {ergonomic}
   size_t MinHeapSize                              = 8388608                                   {product} {ergonomic}
    uintx NonProfiledCodeHeapSize                  = 0                                      {pd product} {ergonomic}
     bool ProfileInterpreter                       = false                                  {pd product} {command line}
    uintx ProfiledCodeHeapSize                     = 0                                      {pd product} {ergonomic}
   size_t SoftMaxHeapSize                          = 3191865344                             {manageable} {ergonomic}
     intx TieredStopAtLevel                        = 1                                         {product} {command line}
     bool UseCompressedClassPointers               = true                           {product lp64_product} {ergonomic}
     bool UseCompressedOops                        = true                           {product lp64_product} {ergonomic}
     bool UseG1GC                                  = true                                      {product} {ergonomic}
     bool UseLargePagesIndividualAllocation        = false                                  {pd product} {ergonomic}

Logging:
Log output configuration:
 #0: stdout all=warning uptime,level,tags
 #1: stderr all=off uptime,level,tags

Environment Variables:
PATH=C:\Program Files\Common Files\Oracle\Java\javapath;C:\Python310\Scripts\;C:\Python310\;C:\WINDOWS\system32;C:\WINDOWS;C:\WINDOWS\System32\Wbem;C:\WINDOWS\System32\WindowsPowerShell\v1.0\;C:\WINDOWS\System32\OpenSSH\;C:\ProgramData\chocolatey\bin;C:\Program Files\Git\cmd;C:\Program Files\MySQL\MySQL Server 8.0\bin;C:\Program Files\dotnet\;C:\Program Files\Go\bin;C:\Users\pc\AppData\Roaming\nvm;C:\Program Files\nodejs;C:\Users\pc\AppData\Local\Microsoft\WindowsApps;C:\Users\pc\AppData\Local\Programs\Microsoft VS Code\bin;C:\Users\pc\AppData\Roaming\npm;C:\Users\pc\AppData\Local\atom\bin;C:\Users\pc\.dotnet\tools;C:\Users\pc\go\bin;C:\Users\pc\AppData\Roaming\nvm;C:\Program Files\nodejs
USERNAME=pc
OS=Windows_NT
PROCESSOR_IDENTIFIER=Intel64 Family 6 Model 142 Stepping 10, GenuineIntel



---------------  S Y S T E M  ---------------

OS:
 Windows 10 , 64 bit Build 19041 (10.0.19041.1889)
OS uptime: 22 days 6:14 hours

CPU: total 8 (initial active 8) (4 cores per cpu, 2 threads per core) family 6 model 142 stepping 10 microcode 0xb4, cx8, cmov, fxsr, ht, mmx, 3dnowpref, sse, sse2, sse3, ssse3, sse4.1, sse4.2, popcnt, lzcnt, tsc, tscinvbit, avx, avx2, aes, erms, clmul, bmi1, bmi2, adx, fma, vzeroupper, clflush, clflushopt

Memory: 4k page, system-wide physical 12174M (257M free)
TotalPageFile size 40645M (AvailPageFile size 97M)
current process WorkingSet (physical memory assigned to process): 430M, peak: 430M
current process commit charge ("private bytes"): 467M, peak: 787M

vm_info: OpenJDK 64-Bit Server VM (17.0.3+7) for windows-amd64 JRE (17.0.3+7), built on Apr 19 2022 16:55:35 by "" with MS VC++ 16.7 (VS2019)

END.
